Created by PLY version 3.11 (http://www.dabeaz.com/ply)

Grammar

Rule 0     S' -> teigilist
Rule 1     teigilist -> teigi
Rule 2     teigilist -> teigilist teigi
Rule 3     bun -> INCLUDE STR SEMI
Rule 4     paramlist -> param
Rule 5     paramlist -> paramlist CONMA param
Rule 6     param -> TYPE ID
Rule 7     param -> TYPE
Rule 8     bun -> ID KAKKO shiki KOKKA SEMI
Rule 9     teigi -> TYPE ID KAKKO paramlist KOKKA yaji TYPE LBRACE bunlist RBRACE
Rule 10    bunlist -> bun
Rule 11    bunlist -> bunlist bun
Rule 12    bun -> TYPE ID colon colon TYPE EQUALS NUMBER SEMI
Rule 13    bun -> TYPE ID colon colon TYPE EQUALS STR SEMI
Rule 14    bun -> TYPE ID colon colon TYPE EQUALS LISL STR LISR SEMI
Rule 15    bun -> TYPE ID colon colon TYPE EQUALS ID LISL NUMBER LISR SEMI
Rule 16    bun -> TYPE ID colon colon TYPE EQUALS ID LISL ID LISR SEMI
Rule 17    bun -> TYPE ID colon colon TYPE EQUALS LISL LISR SEMI
Rule 18    bun -> ID EQUALS ID OPTASU NUMBER SEMI
Rule 19    bun -> ID EQUALS ID OPKAKERU NUMBER SEMI
Rule 20    bun -> ID EQUALS ID OPMIN NUMBER SEMI
Rule 21    bun -> ID EQUALS ID OPWARU NUMBER SEMI
Rule 22    bun -> RETURN shiki SEMI
Rule 23    bun -> RETURN bun
Rule 24    bun -> IF hikaku LBRACE bunlist RBRACE
Rule 25    bun -> IF hikaku LBRACE bunlist RBRACE ELSE LBRACE bunlist RBRACE
Rule 26    bun -> WHILE shiki LBRACE bunlist RBRACE
Rule 27    hikaku -> shiki
Rule 28    hikaku -> hikaku EQOP shiki
Rule 29    hikaku -> hikaku dainari shiki
Rule 30    hikaku -> hikaku syounari shiki
Rule 31    shiki -> NUMBER
Rule 32    shiki -> ID
Rule 33    shiki -> STR
Rule 34    bun -> PASS
Rule 35    bun -> PASS KAKKO KOKKA
Rule 36    bun -> PASS KAKKO PASS KOKKA SEMI
Rule 37    shiki -> shiki OPTASU shiki
Rule 38    shiki -> shiki OPKAKERU shiki
Rule 39    shiki -> shiki OPMIN shiki
Rule 40    shiki -> shiki OPWARU shiki
Rule 41    shiki -> KAKKO shiki KOKKA
Rule 42    shiki -> ID KAKKO shiki KOKKA
Rule 43    bun -> RESERV ID LISL NUMBER LISR EQUALS STR SEMI
Rule 44    bun -> RESERV ID LISL ID LISR EQUALS STR SEMI
Rule 45    bun -> RESERV ID LISL NUMBER LISR EQUALS ID SEMI
Rule 46    bun -> RESERV ID LISL ID LISR EQUALS ID SEMI
Rule 47    bun -> RESERV ID SEMI
Rule 48    bun -> RESERV STR SEMI
Rule 49    bun -> RESERV NUMBER SEMI
Rule 50    bun -> TYPE TYPE LBRACE letlist RBRACE SEMI
Rule 51    letlist -> ID EQUALS STR SEMI
Rule 52    letlist -> ID EQUALS NUMBER SEMI
Rule 53    letlist -> letlist ID EQUALS STR SEMI
Rule 54    letlist -> letlist ID EQUALS NUMBER SEMI
Rule 55    bun -> ID EQUALS ID OPTASU STR SEMI
Rule 56    bun -> ID EQUALS STR OPTASU ID SEMI
Rule 57    bun -> ID OPTASU OPTASU SEMI
Rule 58    bun -> STR OPTASU OPTASU SEMI

Terminals, with rules where they appear

CONMA                : 5
ELSE                 : 25
EQOP                 : 28
EQUALS               : 12 13 14 15 16 17 18 19 20 21 43 44 45 46 51 52 53 54 55 56
ID                   : 6 8 9 12 13 14 15 15 16 16 16 17 18 18 19 19 20 20 21 21 32 42 43 44 44 45 45 46 46 46 47 51 52 53 54 55 55 56 56 57
IF                   : 24 25
INCLUDE              : 3
KAKKO                : 8 9 35 36 41 42
KOKKA                : 8 9 35 36 41 42
LBRACE               : 9 24 25 25 26 50
LISL                 : 14 15 16 17 43 44 45 46
LISR                 : 14 15 16 17 43 44 45 46
NUMBER               : 12 15 18 19 20 21 31 43 45 49 52 54
OPKAKERU             : 19 38
OPMIN                : 20 39
OPTASU               : 18 37 55 56 57 57 58 58
OPWARU               : 21 40
PASS                 : 34 35 36 36
RBRACE               : 9 24 25 25 26 50
RESERV               : 43 44 45 46 47 48 49
RETURN               : 22 23
SEMI                 : 3 8 12 13 14 15 16 17 18 19 20 21 22 36 43 44 45 46 47 48 49 50 51 52 53 54 55 56 57 58
STR                  : 3 13 14 33 43 44 48 51 53 55 56 58
TYPE                 : 6 7 9 9 12 12 13 13 14 14 15 15 16 16 17 17 50 50
WHILE                : 26
colon                : 12 12 13 13 14 14 15 15 16 16 17 17
dainari              : 29
error                : 
syounari             : 30
yaji                 : 9

Nonterminals, with rules where they appear

bun                  : 10 11 23
bunlist              : 9 11 24 25 25 26
hikaku               : 24 25 28 29 30
letlist              : 50 53 54
param                : 4 5
paramlist            : 5 9
shiki                : 8 22 26 27 28 29 30 37 37 38 38 39 39 40 40 41 42
teigi                : 1 2
teigilist            : 2 0

Parsing method: LALR

state 0

    (0) S' -> . teigilist
    (1) teigilist -> . teigi
    (2) teigilist -> . teigilist teigi
    (9) teigi -> . TYPE ID KAKKO paramlist KOKKA yaji TYPE LBRACE bunlist RBRACE

    TYPE            shift and go to state 3

    teigilist                      shift and go to state 1
    teigi                          shift and go to state 2

state 1

    (0) S' -> teigilist .
    (2) teigilist -> teigilist . teigi
    (9) teigi -> . TYPE ID KAKKO paramlist KOKKA yaji TYPE LBRACE bunlist RBRACE

    TYPE            shift and go to state 3

    teigi                          shift and go to state 4

state 2

    (1) teigilist -> teigi .

    TYPE            reduce using rule 1 (teigilist -> teigi .)
    $end            reduce using rule 1 (teigilist -> teigi .)


state 3

    (9) teigi -> TYPE . ID KAKKO paramlist KOKKA yaji TYPE LBRACE bunlist RBRACE

    ID              shift and go to state 5


state 4

    (2) teigilist -> teigilist teigi .

    TYPE            reduce using rule 2 (teigilist -> teigilist teigi .)
    $end            reduce using rule 2 (teigilist -> teigilist teigi .)


state 5

    (9) teigi -> TYPE ID . KAKKO paramlist KOKKA yaji TYPE LBRACE bunlist RBRACE

    KAKKO           shift and go to state 6


state 6

    (9) teigi -> TYPE ID KAKKO . paramlist KOKKA yaji TYPE LBRACE bunlist RBRACE
    (4) paramlist -> . param
    (5) paramlist -> . paramlist CONMA param
    (6) param -> . TYPE ID
    (7) param -> . TYPE

    TYPE            shift and go to state 7

    paramlist                      shift and go to state 8
    param                          shift and go to state 9

state 7

    (6) param -> TYPE . ID
    (7) param -> TYPE .

    ID              shift and go to state 10
    KOKKA           reduce using rule 7 (param -> TYPE .)
    CONMA           reduce using rule 7 (param -> TYPE .)


state 8

    (9) teigi -> TYPE ID KAKKO paramlist . KOKKA yaji TYPE LBRACE bunlist RBRACE
    (5) paramlist -> paramlist . CONMA param

    KOKKA           shift and go to state 11
    CONMA           shift and go to state 12


state 9

    (4) paramlist -> param .

    KOKKA           reduce using rule 4 (paramlist -> param .)
    CONMA           reduce using rule 4 (paramlist -> param .)


state 10

    (6) param -> TYPE ID .

    KOKKA           reduce using rule 6 (param -> TYPE ID .)
    CONMA           reduce using rule 6 (param -> TYPE ID .)


state 11

    (9) teigi -> TYPE ID KAKKO paramlist KOKKA . yaji TYPE LBRACE bunlist RBRACE

    yaji            shift and go to state 13


state 12

    (5) paramlist -> paramlist CONMA . param
    (6) param -> . TYPE ID
    (7) param -> . TYPE

    TYPE            shift and go to state 7

    param                          shift and go to state 14

state 13

    (9) teigi -> TYPE ID KAKKO paramlist KOKKA yaji . TYPE LBRACE bunlist RBRACE

    TYPE            shift and go to state 15


state 14

    (5) paramlist -> paramlist CONMA param .

    KOKKA           reduce using rule 5 (paramlist -> paramlist CONMA param .)
    CONMA           reduce using rule 5 (paramlist -> paramlist CONMA param .)


state 15

    (9) teigi -> TYPE ID KAKKO paramlist KOKKA yaji TYPE . LBRACE bunlist RBRACE

    LBRACE          shift and go to state 16


state 16

    (9) teigi -> TYPE ID KAKKO paramlist KOKKA yaji TYPE LBRACE . bunlist RBRACE
    (10) bunlist -> . bun
    (11) bunlist -> . bunlist bun
    (3) bun -> . INCLUDE STR SEMI
    (8) bun -> . ID KAKKO shiki KOKKA SEMI
    (12) bun -> . TYPE ID colon colon TYPE EQUALS NUMBER SEMI
    (13) bun -> . TYPE ID colon colon TYPE EQUALS STR SEMI
    (14) bun -> . TYPE ID colon colon TYPE EQUALS LISL STR LISR SEMI
    (15) bun -> . TYPE ID colon colon TYPE EQUALS ID LISL NUMBER LISR SEMI
    (16) bun -> . TYPE ID colon colon TYPE EQUALS ID LISL ID LISR SEMI
    (17) bun -> . TYPE ID colon colon TYPE EQUALS LISL LISR SEMI
    (18) bun -> . ID EQUALS ID OPTASU NUMBER SEMI
    (19) bun -> . ID EQUALS ID OPKAKERU NUMBER SEMI
    (20) bun -> . ID EQUALS ID OPMIN NUMBER SEMI
    (21) bun -> . ID EQUALS ID OPWARU NUMBER SEMI
    (22) bun -> . RETURN shiki SEMI
    (23) bun -> . RETURN bun
    (24) bun -> . IF hikaku LBRACE bunlist RBRACE
    (25) bun -> . IF hikaku LBRACE bunlist RBRACE ELSE LBRACE bunlist RBRACE
    (26) bun -> . WHILE shiki LBRACE bunlist RBRACE
    (34) bun -> . PASS
    (35) bun -> . PASS KAKKO KOKKA
    (36) bun -> . PASS KAKKO PASS KOKKA SEMI
    (43) bun -> . RESERV ID LISL NUMBER LISR EQUALS STR SEMI
    (44) bun -> . RESERV ID LISL ID LISR EQUALS STR SEMI
    (45) bun -> . RESERV ID LISL NUMBER LISR EQUALS ID SEMI
    (46) bun -> . RESERV ID LISL ID LISR EQUALS ID SEMI
    (47) bun -> . RESERV ID SEMI
    (48) bun -> . RESERV STR SEMI
    (49) bun -> . RESERV NUMBER SEMI
    (50) bun -> . TYPE TYPE LBRACE letlist RBRACE SEMI
    (55) bun -> . ID EQUALS ID OPTASU STR SEMI
    (56) bun -> . ID EQUALS STR OPTASU ID SEMI
    (57) bun -> . ID OPTASU OPTASU SEMI
    (58) bun -> . STR OPTASU OPTASU SEMI

    INCLUDE         shift and go to state 21
    ID              shift and go to state 18
    TYPE            shift and go to state 17
    RETURN          shift and go to state 23
    IF              shift and go to state 24
    WHILE           shift and go to state 25
    PASS            shift and go to state 26
    RESERV          shift and go to state 27
    STR             shift and go to state 22

    bunlist                        shift and go to state 19
    bun                            shift and go to state 20

state 17

    (12) bun -> TYPE . ID colon colon TYPE EQUALS NUMBER SEMI
    (13) bun -> TYPE . ID colon colon TYPE EQUALS STR SEMI
    (14) bun -> TYPE . ID colon colon TYPE EQUALS LISL STR LISR SEMI
    (15) bun -> TYPE . ID colon colon TYPE EQUALS ID LISL NUMBER LISR SEMI
    (16) bun -> TYPE . ID colon colon TYPE EQUALS ID LISL ID LISR SEMI
    (17) bun -> TYPE . ID colon colon TYPE EQUALS LISL LISR SEMI
    (50) bun -> TYPE . TYPE LBRACE letlist RBRACE SEMI

    ID              shift and go to state 29
    TYPE            shift and go to state 28


state 18

    (8) bun -> ID . KAKKO shiki KOKKA SEMI
    (18) bun -> ID . EQUALS ID OPTASU NUMBER SEMI
    (19) bun -> ID . EQUALS ID OPKAKERU NUMBER SEMI
    (20) bun -> ID . EQUALS ID OPMIN NUMBER SEMI
    (21) bun -> ID . EQUALS ID OPWARU NUMBER SEMI
    (55) bun -> ID . EQUALS ID OPTASU STR SEMI
    (56) bun -> ID . EQUALS STR OPTASU ID SEMI
    (57) bun -> ID . OPTASU OPTASU SEMI

    KAKKO           shift and go to state 30
    EQUALS          shift and go to state 31
    OPTASU          shift and go to state 32


state 19

    (9) teigi -> TYPE ID KAKKO paramlist KOKKA yaji TYPE LBRACE bunlist . RBRACE
    (11) bunlist -> bunlist . bun
    (3) bun -> . INCLUDE STR SEMI
    (8) bun -> . ID KAKKO shiki KOKKA SEMI
    (12) bun -> . TYPE ID colon colon TYPE EQUALS NUMBER SEMI
    (13) bun -> . TYPE ID colon colon TYPE EQUALS STR SEMI
    (14) bun -> . TYPE ID colon colon TYPE EQUALS LISL STR LISR SEMI
    (15) bun -> . TYPE ID colon colon TYPE EQUALS ID LISL NUMBER LISR SEMI
    (16) bun -> . TYPE ID colon colon TYPE EQUALS ID LISL ID LISR SEMI
    (17) bun -> . TYPE ID colon colon TYPE EQUALS LISL LISR SEMI
    (18) bun -> . ID EQUALS ID OPTASU NUMBER SEMI
    (19) bun -> . ID EQUALS ID OPKAKERU NUMBER SEMI
    (20) bun -> . ID EQUALS ID OPMIN NUMBER SEMI
    (21) bun -> . ID EQUALS ID OPWARU NUMBER SEMI
    (22) bun -> . RETURN shiki SEMI
    (23) bun -> . RETURN bun
    (24) bun -> . IF hikaku LBRACE bunlist RBRACE
    (25) bun -> . IF hikaku LBRACE bunlist RBRACE ELSE LBRACE bunlist RBRACE
    (26) bun -> . WHILE shiki LBRACE bunlist RBRACE
    (34) bun -> . PASS
    (35) bun -> . PASS KAKKO KOKKA
    (36) bun -> . PASS KAKKO PASS KOKKA SEMI
    (43) bun -> . RESERV ID LISL NUMBER LISR EQUALS STR SEMI
    (44) bun -> . RESERV ID LISL ID LISR EQUALS STR SEMI
    (45) bun -> . RESERV ID LISL NUMBER LISR EQUALS ID SEMI
    (46) bun -> . RESERV ID LISL ID LISR EQUALS ID SEMI
    (47) bun -> . RESERV ID SEMI
    (48) bun -> . RESERV STR SEMI
    (49) bun -> . RESERV NUMBER SEMI
    (50) bun -> . TYPE TYPE LBRACE letlist RBRACE SEMI
    (55) bun -> . ID EQUALS ID OPTASU STR SEMI
    (56) bun -> . ID EQUALS STR OPTASU ID SEMI
    (57) bun -> . ID OPTASU OPTASU SEMI
    (58) bun -> . STR OPTASU OPTASU SEMI

    RBRACE          shift and go to state 33
    INCLUDE         shift and go to state 21
    ID              shift and go to state 18
    TYPE            shift and go to state 17
    RETURN          shift and go to state 23
    IF              shift and go to state 24
    WHILE           shift and go to state 25
    PASS            shift and go to state 26
    RESERV          shift and go to state 27
    STR             shift and go to state 22

    bun                            shift and go to state 34

state 20

    (10) bunlist -> bun .

    RBRACE          reduce using rule 10 (bunlist -> bun .)
    INCLUDE         reduce using rule 10 (bunlist -> bun .)
    ID              reduce using rule 10 (bunlist -> bun .)
    TYPE            reduce using rule 10 (bunlist -> bun .)
    RETURN          reduce using rule 10 (bunlist -> bun .)
    IF              reduce using rule 10 (bunlist -> bun .)
    WHILE           reduce using rule 10 (bunlist -> bun .)
    PASS            reduce using rule 10 (bunlist -> bun .)
    RESERV          reduce using rule 10 (bunlist -> bun .)
    STR             reduce using rule 10 (bunlist -> bun .)


state 21

    (3) bun -> INCLUDE . STR SEMI

    STR             shift and go to state 35


state 22

    (58) bun -> STR . OPTASU OPTASU SEMI

    OPTASU          shift and go to state 36


state 23

    (22) bun -> RETURN . shiki SEMI
    (23) bun -> RETURN . bun
    (31) shiki -> . NUMBER
    (32) shiki -> . ID
    (33) shiki -> . STR
    (37) shiki -> . shiki OPTASU shiki
    (38) shiki -> . shiki OPKAKERU shiki
    (39) shiki -> . shiki OPMIN shiki
    (40) shiki -> . shiki OPWARU shiki
    (41) shiki -> . KAKKO shiki KOKKA
    (42) shiki -> . ID KAKKO shiki KOKKA
    (3) bun -> . INCLUDE STR SEMI
    (8) bun -> . ID KAKKO shiki KOKKA SEMI
    (12) bun -> . TYPE ID colon colon TYPE EQUALS NUMBER SEMI
    (13) bun -> . TYPE ID colon colon TYPE EQUALS STR SEMI
    (14) bun -> . TYPE ID colon colon TYPE EQUALS LISL STR LISR SEMI
    (15) bun -> . TYPE ID colon colon TYPE EQUALS ID LISL NUMBER LISR SEMI
    (16) bun -> . TYPE ID colon colon TYPE EQUALS ID LISL ID LISR SEMI
    (17) bun -> . TYPE ID colon colon TYPE EQUALS LISL LISR SEMI
    (18) bun -> . ID EQUALS ID OPTASU NUMBER SEMI
    (19) bun -> . ID EQUALS ID OPKAKERU NUMBER SEMI
    (20) bun -> . ID EQUALS ID OPMIN NUMBER SEMI
    (21) bun -> . ID EQUALS ID OPWARU NUMBER SEMI
    (22) bun -> . RETURN shiki SEMI
    (23) bun -> . RETURN bun
    (24) bun -> . IF hikaku LBRACE bunlist RBRACE
    (25) bun -> . IF hikaku LBRACE bunlist RBRACE ELSE LBRACE bunlist RBRACE
    (26) bun -> . WHILE shiki LBRACE bunlist RBRACE
    (34) bun -> . PASS
    (35) bun -> . PASS KAKKO KOKKA
    (36) bun -> . PASS KAKKO PASS KOKKA SEMI
    (43) bun -> . RESERV ID LISL NUMBER LISR EQUALS STR SEMI
    (44) bun -> . RESERV ID LISL ID LISR EQUALS STR SEMI
    (45) bun -> . RESERV ID LISL NUMBER LISR EQUALS ID SEMI
    (46) bun -> . RESERV ID LISL ID LISR EQUALS ID SEMI
    (47) bun -> . RESERV ID SEMI
    (48) bun -> . RESERV STR SEMI
    (49) bun -> . RESERV NUMBER SEMI
    (50) bun -> . TYPE TYPE LBRACE letlist RBRACE SEMI
    (55) bun -> . ID EQUALS ID OPTASU STR SEMI
    (56) bun -> . ID EQUALS STR OPTASU ID SEMI
    (57) bun -> . ID OPTASU OPTASU SEMI
    (58) bun -> . STR OPTASU OPTASU SEMI

    NUMBER          shift and go to state 39
    ID              shift and go to state 40
    STR             shift and go to state 41
    KAKKO           shift and go to state 42
    INCLUDE         shift and go to state 21
    TYPE            shift and go to state 17
    RETURN          shift and go to state 23
    IF              shift and go to state 24
    WHILE           shift and go to state 25
    PASS            shift and go to state 26
    RESERV          shift and go to state 27

    shiki                          shift and go to state 37
    bun                            shift and go to state 38

state 24

    (24) bun -> IF . hikaku LBRACE bunlist RBRACE
    (25) bun -> IF . hikaku LBRACE bunlist RBRACE ELSE LBRACE bunlist RBRACE
    (27) hikaku -> . shiki
    (28) hikaku -> . hikaku EQOP shiki
    (29) hikaku -> . hikaku dainari shiki
    (30) hikaku -> . hikaku syounari shiki
    (31) shiki -> . NUMBER
    (32) shiki -> . ID
    (33) shiki -> . STR
    (37) shiki -> . shiki OPTASU shiki
    (38) shiki -> . shiki OPKAKERU shiki
    (39) shiki -> . shiki OPMIN shiki
    (40) shiki -> . shiki OPWARU shiki
    (41) shiki -> . KAKKO shiki KOKKA
    (42) shiki -> . ID KAKKO shiki KOKKA

    NUMBER          shift and go to state 39
    ID              shift and go to state 45
    STR             shift and go to state 46
    KAKKO           shift and go to state 42

    hikaku                         shift and go to state 43
    shiki                          shift and go to state 44

state 25

    (26) bun -> WHILE . shiki LBRACE bunlist RBRACE
    (31) shiki -> . NUMBER
    (32) shiki -> . ID
    (33) shiki -> . STR
    (37) shiki -> . shiki OPTASU shiki
    (38) shiki -> . shiki OPKAKERU shiki
    (39) shiki -> . shiki OPMIN shiki
    (40) shiki -> . shiki OPWARU shiki
    (41) shiki -> . KAKKO shiki KOKKA
    (42) shiki -> . ID KAKKO shiki KOKKA

    NUMBER          shift and go to state 39
    ID              shift and go to state 45
    STR             shift and go to state 46
    KAKKO           shift and go to state 42

    shiki                          shift and go to state 47

state 26

    (34) bun -> PASS .
    (35) bun -> PASS . KAKKO KOKKA
    (36) bun -> PASS . KAKKO PASS KOKKA SEMI

    RBRACE          reduce using rule 34 (bun -> PASS .)
    INCLUDE         reduce using rule 34 (bun -> PASS .)
    ID              reduce using rule 34 (bun -> PASS .)
    TYPE            reduce using rule 34 (bun -> PASS .)
    RETURN          reduce using rule 34 (bun -> PASS .)
    IF              reduce using rule 34 (bun -> PASS .)
    WHILE           reduce using rule 34 (bun -> PASS .)
    PASS            reduce using rule 34 (bun -> PASS .)
    RESERV          reduce using rule 34 (bun -> PASS .)
    STR             reduce using rule 34 (bun -> PASS .)
    KAKKO           shift and go to state 48


state 27

    (43) bun -> RESERV . ID LISL NUMBER LISR EQUALS STR SEMI
    (44) bun -> RESERV . ID LISL ID LISR EQUALS STR SEMI
    (45) bun -> RESERV . ID LISL NUMBER LISR EQUALS ID SEMI
    (46) bun -> RESERV . ID LISL ID LISR EQUALS ID SEMI
    (47) bun -> RESERV . ID SEMI
    (48) bun -> RESERV . STR SEMI
    (49) bun -> RESERV . NUMBER SEMI

    ID              shift and go to state 49
    STR             shift and go to state 51
    NUMBER          shift and go to state 50


state 28

    (50) bun -> TYPE TYPE . LBRACE letlist RBRACE SEMI

    LBRACE          shift and go to state 52


state 29

    (12) bun -> TYPE ID . colon colon TYPE EQUALS NUMBER SEMI
    (13) bun -> TYPE ID . colon colon TYPE EQUALS STR SEMI
    (14) bun -> TYPE ID . colon colon TYPE EQUALS LISL STR LISR SEMI
    (15) bun -> TYPE ID . colon colon TYPE EQUALS ID LISL NUMBER LISR SEMI
    (16) bun -> TYPE ID . colon colon TYPE EQUALS ID LISL ID LISR SEMI
    (17) bun -> TYPE ID . colon colon TYPE EQUALS LISL LISR SEMI

    colon           shift and go to state 53


state 30

    (8) bun -> ID KAKKO . shiki KOKKA SEMI
    (31) shiki -> . NUMBER
    (32) shiki -> . ID
    (33) shiki -> . STR
    (37) shiki -> . shiki OPTASU shiki
    (38) shiki -> . shiki OPKAKERU shiki
    (39) shiki -> . shiki OPMIN shiki
    (40) shiki -> . shiki OPWARU shiki
    (41) shiki -> . KAKKO shiki KOKKA
    (42) shiki -> . ID KAKKO shiki KOKKA

    NUMBER          shift and go to state 39
    ID              shift and go to state 45
    STR             shift and go to state 46
    KAKKO           shift and go to state 42

    shiki                          shift and go to state 54

state 31

    (18) bun -> ID EQUALS . ID OPTASU NUMBER SEMI
    (19) bun -> ID EQUALS . ID OPKAKERU NUMBER SEMI
    (20) bun -> ID EQUALS . ID OPMIN NUMBER SEMI
    (21) bun -> ID EQUALS . ID OPWARU NUMBER SEMI
    (55) bun -> ID EQUALS . ID OPTASU STR SEMI
    (56) bun -> ID EQUALS . STR OPTASU ID SEMI

    ID              shift and go to state 55
    STR             shift and go to state 56


state 32

    (57) bun -> ID OPTASU . OPTASU SEMI

    OPTASU          shift and go to state 57


state 33

    (9) teigi -> TYPE ID KAKKO paramlist KOKKA yaji TYPE LBRACE bunlist RBRACE .

    TYPE            reduce using rule 9 (teigi -> TYPE ID KAKKO paramlist KOKKA yaji TYPE LBRACE bunlist RBRACE .)
    $end            reduce using rule 9 (teigi -> TYPE ID KAKKO paramlist KOKKA yaji TYPE LBRACE bunlist RBRACE .)


state 34

    (11) bunlist -> bunlist bun .

    RBRACE          reduce using rule 11 (bunlist -> bunlist bun .)
    INCLUDE         reduce using rule 11 (bunlist -> bunlist bun .)
    ID              reduce using rule 11 (bunlist -> bunlist bun .)
    TYPE            reduce using rule 11 (bunlist -> bunlist bun .)
    RETURN          reduce using rule 11 (bunlist -> bunlist bun .)
    IF              reduce using rule 11 (bunlist -> bunlist bun .)
    WHILE           reduce using rule 11 (bunlist -> bunlist bun .)
    PASS            reduce using rule 11 (bunlist -> bunlist bun .)
    RESERV          reduce using rule 11 (bunlist -> bunlist bun .)
    STR             reduce using rule 11 (bunlist -> bunlist bun .)


state 35

    (3) bun -> INCLUDE STR . SEMI

    SEMI            shift and go to state 58


state 36

    (58) bun -> STR OPTASU . OPTASU SEMI

    OPTASU          shift and go to state 59


state 37

    (22) bun -> RETURN shiki . SEMI
    (37) shiki -> shiki . OPTASU shiki
    (38) shiki -> shiki . OPKAKERU shiki
    (39) shiki -> shiki . OPMIN shiki
    (40) shiki -> shiki . OPWARU shiki

    SEMI            shift and go to state 60
    OPTASU          shift and go to state 61
    OPKAKERU        shift and go to state 62
    OPMIN           shift and go to state 63
    OPWARU          shift and go to state 64


state 38

    (23) bun -> RETURN bun .

    RBRACE          reduce using rule 23 (bun -> RETURN bun .)
    INCLUDE         reduce using rule 23 (bun -> RETURN bun .)
    ID              reduce using rule 23 (bun -> RETURN bun .)
    TYPE            reduce using rule 23 (bun -> RETURN bun .)
    RETURN          reduce using rule 23 (bun -> RETURN bun .)
    IF              reduce using rule 23 (bun -> RETURN bun .)
    WHILE           reduce using rule 23 (bun -> RETURN bun .)
    PASS            reduce using rule 23 (bun -> RETURN bun .)
    RESERV          reduce using rule 23 (bun -> RETURN bun .)
    STR             reduce using rule 23 (bun -> RETURN bun .)


state 39

    (31) shiki -> NUMBER .

    SEMI            reduce using rule 31 (shiki -> NUMBER .)
    OPTASU          reduce using rule 31 (shiki -> NUMBER .)
    OPKAKERU        reduce using rule 31 (shiki -> NUMBER .)
    OPMIN           reduce using rule 31 (shiki -> NUMBER .)
    OPWARU          reduce using rule 31 (shiki -> NUMBER .)
    LBRACE          reduce using rule 31 (shiki -> NUMBER .)
    EQOP            reduce using rule 31 (shiki -> NUMBER .)
    dainari         reduce using rule 31 (shiki -> NUMBER .)
    syounari        reduce using rule 31 (shiki -> NUMBER .)
    KOKKA           reduce using rule 31 (shiki -> NUMBER .)


state 40

    (32) shiki -> ID .
    (42) shiki -> ID . KAKKO shiki KOKKA
    (8) bun -> ID . KAKKO shiki KOKKA SEMI
    (18) bun -> ID . EQUALS ID OPTASU NUMBER SEMI
    (19) bun -> ID . EQUALS ID OPKAKERU NUMBER SEMI
    (20) bun -> ID . EQUALS ID OPMIN NUMBER SEMI
    (21) bun -> ID . EQUALS ID OPWARU NUMBER SEMI
    (55) bun -> ID . EQUALS ID OPTASU STR SEMI
    (56) bun -> ID . EQUALS STR OPTASU ID SEMI
    (57) bun -> ID . OPTASU OPTASU SEMI

  ! shift/reduce conflict for OPTASU resolved as shift
    SEMI            reduce using rule 32 (shiki -> ID .)
    OPKAKERU        reduce using rule 32 (shiki -> ID .)
    OPMIN           reduce using rule 32 (shiki -> ID .)
    OPWARU          reduce using rule 32 (shiki -> ID .)
    KAKKO           shift and go to state 65
    EQUALS          shift and go to state 31
    OPTASU          shift and go to state 32

  ! OPTASU          [ reduce using rule 32 (shiki -> ID .) ]


state 41

    (33) shiki -> STR .
    (58) bun -> STR . OPTASU OPTASU SEMI

  ! shift/reduce conflict for OPTASU resolved as shift
    SEMI            reduce using rule 33 (shiki -> STR .)
    OPKAKERU        reduce using rule 33 (shiki -> STR .)
    OPMIN           reduce using rule 33 (shiki -> STR .)
    OPWARU          reduce using rule 33 (shiki -> STR .)
    OPTASU          shift and go to state 36

  ! OPTASU          [ reduce using rule 33 (shiki -> STR .) ]


state 42

    (41) shiki -> KAKKO . shiki KOKKA
    (31) shiki -> . NUMBER
    (32) shiki -> . ID
    (33) shiki -> . STR
    (37) shiki -> . shiki OPTASU shiki
    (38) shiki -> . shiki OPKAKERU shiki
    (39) shiki -> . shiki OPMIN shiki
    (40) shiki -> . shiki OPWARU shiki
    (41) shiki -> . KAKKO shiki KOKKA
    (42) shiki -> . ID KAKKO shiki KOKKA

    NUMBER          shift and go to state 39
    ID              shift and go to state 45
    STR             shift and go to state 46
    KAKKO           shift and go to state 42

    shiki                          shift and go to state 66

state 43

    (24) bun -> IF hikaku . LBRACE bunlist RBRACE
    (25) bun -> IF hikaku . LBRACE bunlist RBRACE ELSE LBRACE bunlist RBRACE
    (28) hikaku -> hikaku . EQOP shiki
    (29) hikaku -> hikaku . dainari shiki
    (30) hikaku -> hikaku . syounari shiki

    LBRACE          shift and go to state 67
    EQOP            shift and go to state 68
    dainari         shift and go to state 69
    syounari        shift and go to state 70


state 44

    (27) hikaku -> shiki .
    (37) shiki -> shiki . OPTASU shiki
    (38) shiki -> shiki . OPKAKERU shiki
    (39) shiki -> shiki . OPMIN shiki
    (40) shiki -> shiki . OPWARU shiki

    LBRACE          reduce using rule 27 (hikaku -> shiki .)
    EQOP            reduce using rule 27 (hikaku -> shiki .)
    dainari         reduce using rule 27 (hikaku -> shiki .)
    syounari        reduce using rule 27 (hikaku -> shiki .)
    OPTASU          shift and go to state 61
    OPKAKERU        shift and go to state 62
    OPMIN           shift and go to state 63
    OPWARU          shift and go to state 64


state 45

    (32) shiki -> ID .
    (42) shiki -> ID . KAKKO shiki KOKKA

    OPTASU          reduce using rule 32 (shiki -> ID .)
    OPKAKERU        reduce using rule 32 (shiki -> ID .)
    OPMIN           reduce using rule 32 (shiki -> ID .)
    OPWARU          reduce using rule 32 (shiki -> ID .)
    LBRACE          reduce using rule 32 (shiki -> ID .)
    EQOP            reduce using rule 32 (shiki -> ID .)
    dainari         reduce using rule 32 (shiki -> ID .)
    syounari        reduce using rule 32 (shiki -> ID .)
    KOKKA           reduce using rule 32 (shiki -> ID .)
    SEMI            reduce using rule 32 (shiki -> ID .)
    KAKKO           shift and go to state 71


state 46

    (33) shiki -> STR .

    OPTASU          reduce using rule 33 (shiki -> STR .)
    OPKAKERU        reduce using rule 33 (shiki -> STR .)
    OPMIN           reduce using rule 33 (shiki -> STR .)
    OPWARU          reduce using rule 33 (shiki -> STR .)
    LBRACE          reduce using rule 33 (shiki -> STR .)
    EQOP            reduce using rule 33 (shiki -> STR .)
    dainari         reduce using rule 33 (shiki -> STR .)
    syounari        reduce using rule 33 (shiki -> STR .)
    KOKKA           reduce using rule 33 (shiki -> STR .)
    SEMI            reduce using rule 33 (shiki -> STR .)


state 47

    (26) bun -> WHILE shiki . LBRACE bunlist RBRACE
    (37) shiki -> shiki . OPTASU shiki
    (38) shiki -> shiki . OPKAKERU shiki
    (39) shiki -> shiki . OPMIN shiki
    (40) shiki -> shiki . OPWARU shiki

    LBRACE          shift and go to state 72
    OPTASU          shift and go to state 61
    OPKAKERU        shift and go to state 62
    OPMIN           shift and go to state 63
    OPWARU          shift and go to state 64


state 48

    (35) bun -> PASS KAKKO . KOKKA
    (36) bun -> PASS KAKKO . PASS KOKKA SEMI

    KOKKA           shift and go to state 74
    PASS            shift and go to state 73


state 49

    (43) bun -> RESERV ID . LISL NUMBER LISR EQUALS STR SEMI
    (44) bun -> RESERV ID . LISL ID LISR EQUALS STR SEMI
    (45) bun -> RESERV ID . LISL NUMBER LISR EQUALS ID SEMI
    (46) bun -> RESERV ID . LISL ID LISR EQUALS ID SEMI
    (47) bun -> RESERV ID . SEMI

    LISL            shift and go to state 75
    SEMI            shift and go to state 76


state 50

    (49) bun -> RESERV NUMBER . SEMI

    SEMI            shift and go to state 77


state 51

    (48) bun -> RESERV STR . SEMI

    SEMI            shift and go to state 78


state 52

    (50) bun -> TYPE TYPE LBRACE . letlist RBRACE SEMI
    (51) letlist -> . ID EQUALS STR SEMI
    (52) letlist -> . ID EQUALS NUMBER SEMI
    (53) letlist -> . letlist ID EQUALS STR SEMI
    (54) letlist -> . letlist ID EQUALS NUMBER SEMI

    ID              shift and go to state 80

    letlist                        shift and go to state 79

state 53

    (12) bun -> TYPE ID colon . colon TYPE EQUALS NUMBER SEMI
    (13) bun -> TYPE ID colon . colon TYPE EQUALS STR SEMI
    (14) bun -> TYPE ID colon . colon TYPE EQUALS LISL STR LISR SEMI
    (15) bun -> TYPE ID colon . colon TYPE EQUALS ID LISL NUMBER LISR SEMI
    (16) bun -> TYPE ID colon . colon TYPE EQUALS ID LISL ID LISR SEMI
    (17) bun -> TYPE ID colon . colon TYPE EQUALS LISL LISR SEMI

    colon           shift and go to state 81


state 54

    (8) bun -> ID KAKKO shiki . KOKKA SEMI
    (37) shiki -> shiki . OPTASU shiki
    (38) shiki -> shiki . OPKAKERU shiki
    (39) shiki -> shiki . OPMIN shiki
    (40) shiki -> shiki . OPWARU shiki

    KOKKA           shift and go to state 82
    OPTASU          shift and go to state 61
    OPKAKERU        shift and go to state 62
    OPMIN           shift and go to state 63
    OPWARU          shift and go to state 64


state 55

    (18) bun -> ID EQUALS ID . OPTASU NUMBER SEMI
    (19) bun -> ID EQUALS ID . OPKAKERU NUMBER SEMI
    (20) bun -> ID EQUALS ID . OPMIN NUMBER SEMI
    (21) bun -> ID EQUALS ID . OPWARU NUMBER SEMI
    (55) bun -> ID EQUALS ID . OPTASU STR SEMI

    OPTASU          shift and go to state 83
    OPKAKERU        shift and go to state 84
    OPMIN           shift and go to state 85
    OPWARU          shift and go to state 86


state 56

    (56) bun -> ID EQUALS STR . OPTASU ID SEMI

    OPTASU          shift and go to state 87


state 57

    (57) bun -> ID OPTASU OPTASU . SEMI

    SEMI            shift and go to state 88


state 58

    (3) bun -> INCLUDE STR SEMI .

    RBRACE          reduce using rule 3 (bun -> INCLUDE STR SEMI .)
    INCLUDE         reduce using rule 3 (bun -> INCLUDE STR SEMI .)
    ID              reduce using rule 3 (bun -> INCLUDE STR SEMI .)
    TYPE            reduce using rule 3 (bun -> INCLUDE STR SEMI .)
    RETURN          reduce using rule 3 (bun -> INCLUDE STR SEMI .)
    IF              reduce using rule 3 (bun -> INCLUDE STR SEMI .)
    WHILE           reduce using rule 3 (bun -> INCLUDE STR SEMI .)
    PASS            reduce using rule 3 (bun -> INCLUDE STR SEMI .)
    RESERV          reduce using rule 3 (bun -> INCLUDE STR SEMI .)
    STR             reduce using rule 3 (bun -> INCLUDE STR SEMI .)


state 59

    (58) bun -> STR OPTASU OPTASU . SEMI

    SEMI            shift and go to state 89


state 60

    (22) bun -> RETURN shiki SEMI .

    RBRACE          reduce using rule 22 (bun -> RETURN shiki SEMI .)
    INCLUDE         reduce using rule 22 (bun -> RETURN shiki SEMI .)
    ID              reduce using rule 22 (bun -> RETURN shiki SEMI .)
    TYPE            reduce using rule 22 (bun -> RETURN shiki SEMI .)
    RETURN          reduce using rule 22 (bun -> RETURN shiki SEMI .)
    IF              reduce using rule 22 (bun -> RETURN shiki SEMI .)
    WHILE           reduce using rule 22 (bun -> RETURN shiki SEMI .)
    PASS            reduce using rule 22 (bun -> RETURN shiki SEMI .)
    RESERV          reduce using rule 22 (bun -> RETURN shiki SEMI .)
    STR             reduce using rule 22 (bun -> RETURN shiki SEMI .)


state 61

    (37) shiki -> shiki OPTASU . shiki
    (31) shiki -> . NUMBER
    (32) shiki -> . ID
    (33) shiki -> . STR
    (37) shiki -> . shiki OPTASU shiki
    (38) shiki -> . shiki OPKAKERU shiki
    (39) shiki -> . shiki OPMIN shiki
    (40) shiki -> . shiki OPWARU shiki
    (41) shiki -> . KAKKO shiki KOKKA
    (42) shiki -> . ID KAKKO shiki KOKKA

    NUMBER          shift and go to state 39
    ID              shift and go to state 45
    STR             shift and go to state 46
    KAKKO           shift and go to state 42

    shiki                          shift and go to state 90

state 62

    (38) shiki -> shiki OPKAKERU . shiki
    (31) shiki -> . NUMBER
    (32) shiki -> . ID
    (33) shiki -> . STR
    (37) shiki -> . shiki OPTASU shiki
    (38) shiki -> . shiki OPKAKERU shiki
    (39) shiki -> . shiki OPMIN shiki
    (40) shiki -> . shiki OPWARU shiki
    (41) shiki -> . KAKKO shiki KOKKA
    (42) shiki -> . ID KAKKO shiki KOKKA

    NUMBER          shift and go to state 39
    ID              shift and go to state 45
    STR             shift and go to state 46
    KAKKO           shift and go to state 42

    shiki                          shift and go to state 91

state 63

    (39) shiki -> shiki OPMIN . shiki
    (31) shiki -> . NUMBER
    (32) shiki -> . ID
    (33) shiki -> . STR
    (37) shiki -> . shiki OPTASU shiki
    (38) shiki -> . shiki OPKAKERU shiki
    (39) shiki -> . shiki OPMIN shiki
    (40) shiki -> . shiki OPWARU shiki
    (41) shiki -> . KAKKO shiki KOKKA
    (42) shiki -> . ID KAKKO shiki KOKKA

    NUMBER          shift and go to state 39
    ID              shift and go to state 45
    STR             shift and go to state 46
    KAKKO           shift and go to state 42

    shiki                          shift and go to state 92

state 64

    (40) shiki -> shiki OPWARU . shiki
    (31) shiki -> . NUMBER
    (32) shiki -> . ID
    (33) shiki -> . STR
    (37) shiki -> . shiki OPTASU shiki
    (38) shiki -> . shiki OPKAKERU shiki
    (39) shiki -> . shiki OPMIN shiki
    (40) shiki -> . shiki OPWARU shiki
    (41) shiki -> . KAKKO shiki KOKKA
    (42) shiki -> . ID KAKKO shiki KOKKA

    NUMBER          shift and go to state 39
    ID              shift and go to state 45
    STR             shift and go to state 46
    KAKKO           shift and go to state 42

    shiki                          shift and go to state 93

state 65

    (42) shiki -> ID KAKKO . shiki KOKKA
    (8) bun -> ID KAKKO . shiki KOKKA SEMI
    (31) shiki -> . NUMBER
    (32) shiki -> . ID
    (33) shiki -> . STR
    (37) shiki -> . shiki OPTASU shiki
    (38) shiki -> . shiki OPKAKERU shiki
    (39) shiki -> . shiki OPMIN shiki
    (40) shiki -> . shiki OPWARU shiki
    (41) shiki -> . KAKKO shiki KOKKA
    (42) shiki -> . ID KAKKO shiki KOKKA

    NUMBER          shift and go to state 39
    ID              shift and go to state 45
    STR             shift and go to state 46
    KAKKO           shift and go to state 42

    shiki                          shift and go to state 94

state 66

    (41) shiki -> KAKKO shiki . KOKKA
    (37) shiki -> shiki . OPTASU shiki
    (38) shiki -> shiki . OPKAKERU shiki
    (39) shiki -> shiki . OPMIN shiki
    (40) shiki -> shiki . OPWARU shiki

    KOKKA           shift and go to state 95
    OPTASU          shift and go to state 61
    OPKAKERU        shift and go to state 62
    OPMIN           shift and go to state 63
    OPWARU          shift and go to state 64


state 67

    (24) bun -> IF hikaku LBRACE . bunlist RBRACE
    (25) bun -> IF hikaku LBRACE . bunlist RBRACE ELSE LBRACE bunlist RBRACE
    (10) bunlist -> . bun
    (11) bunlist -> . bunlist bun
    (3) bun -> . INCLUDE STR SEMI
    (8) bun -> . ID KAKKO shiki KOKKA SEMI
    (12) bun -> . TYPE ID colon colon TYPE EQUALS NUMBER SEMI
    (13) bun -> . TYPE ID colon colon TYPE EQUALS STR SEMI
    (14) bun -> . TYPE ID colon colon TYPE EQUALS LISL STR LISR SEMI
    (15) bun -> . TYPE ID colon colon TYPE EQUALS ID LISL NUMBER LISR SEMI
    (16) bun -> . TYPE ID colon colon TYPE EQUALS ID LISL ID LISR SEMI
    (17) bun -> . TYPE ID colon colon TYPE EQUALS LISL LISR SEMI
    (18) bun -> . ID EQUALS ID OPTASU NUMBER SEMI
    (19) bun -> . ID EQUALS ID OPKAKERU NUMBER SEMI
    (20) bun -> . ID EQUALS ID OPMIN NUMBER SEMI
    (21) bun -> . ID EQUALS ID OPWARU NUMBER SEMI
    (22) bun -> . RETURN shiki SEMI
    (23) bun -> . RETURN bun
    (24) bun -> . IF hikaku LBRACE bunlist RBRACE
    (25) bun -> . IF hikaku LBRACE bunlist RBRACE ELSE LBRACE bunlist RBRACE
    (26) bun -> . WHILE shiki LBRACE bunlist RBRACE
    (34) bun -> . PASS
    (35) bun -> . PASS KAKKO KOKKA
    (36) bun -> . PASS KAKKO PASS KOKKA SEMI
    (43) bun -> . RESERV ID LISL NUMBER LISR EQUALS STR SEMI
    (44) bun -> . RESERV ID LISL ID LISR EQUALS STR SEMI
    (45) bun -> . RESERV ID LISL NUMBER LISR EQUALS ID SEMI
    (46) bun -> . RESERV ID LISL ID LISR EQUALS ID SEMI
    (47) bun -> . RESERV ID SEMI
    (48) bun -> . RESERV STR SEMI
    (49) bun -> . RESERV NUMBER SEMI
    (50) bun -> . TYPE TYPE LBRACE letlist RBRACE SEMI
    (55) bun -> . ID EQUALS ID OPTASU STR SEMI
    (56) bun -> . ID EQUALS STR OPTASU ID SEMI
    (57) bun -> . ID OPTASU OPTASU SEMI
    (58) bun -> . STR OPTASU OPTASU SEMI

    INCLUDE         shift and go to state 21
    ID              shift and go to state 18
    TYPE            shift and go to state 17
    RETURN          shift and go to state 23
    IF              shift and go to state 24
    WHILE           shift and go to state 25
    PASS            shift and go to state 26
    RESERV          shift and go to state 27
    STR             shift and go to state 22

    bunlist                        shift and go to state 96
    bun                            shift and go to state 20

state 68

    (28) hikaku -> hikaku EQOP . shiki
    (31) shiki -> . NUMBER
    (32) shiki -> . ID
    (33) shiki -> . STR
    (37) shiki -> . shiki OPTASU shiki
    (38) shiki -> . shiki OPKAKERU shiki
    (39) shiki -> . shiki OPMIN shiki
    (40) shiki -> . shiki OPWARU shiki
    (41) shiki -> . KAKKO shiki KOKKA
    (42) shiki -> . ID KAKKO shiki KOKKA

    NUMBER          shift and go to state 39
    ID              shift and go to state 45
    STR             shift and go to state 46
    KAKKO           shift and go to state 42

    shiki                          shift and go to state 97

state 69

    (29) hikaku -> hikaku dainari . shiki
    (31) shiki -> . NUMBER
    (32) shiki -> . ID
    (33) shiki -> . STR
    (37) shiki -> . shiki OPTASU shiki
    (38) shiki -> . shiki OPKAKERU shiki
    (39) shiki -> . shiki OPMIN shiki
    (40) shiki -> . shiki OPWARU shiki
    (41) shiki -> . KAKKO shiki KOKKA
    (42) shiki -> . ID KAKKO shiki KOKKA

    NUMBER          shift and go to state 39
    ID              shift and go to state 45
    STR             shift and go to state 46
    KAKKO           shift and go to state 42

    shiki                          shift and go to state 98

state 70

    (30) hikaku -> hikaku syounari . shiki
    (31) shiki -> . NUMBER
    (32) shiki -> . ID
    (33) shiki -> . STR
    (37) shiki -> . shiki OPTASU shiki
    (38) shiki -> . shiki OPKAKERU shiki
    (39) shiki -> . shiki OPMIN shiki
    (40) shiki -> . shiki OPWARU shiki
    (41) shiki -> . KAKKO shiki KOKKA
    (42) shiki -> . ID KAKKO shiki KOKKA

    NUMBER          shift and go to state 39
    ID              shift and go to state 45
    STR             shift and go to state 46
    KAKKO           shift and go to state 42

    shiki                          shift and go to state 99

state 71

    (42) shiki -> ID KAKKO . shiki KOKKA
    (31) shiki -> . NUMBER
    (32) shiki -> . ID
    (33) shiki -> . STR
    (37) shiki -> . shiki OPTASU shiki
    (38) shiki -> . shiki OPKAKERU shiki
    (39) shiki -> . shiki OPMIN shiki
    (40) shiki -> . shiki OPWARU shiki
    (41) shiki -> . KAKKO shiki KOKKA
    (42) shiki -> . ID KAKKO shiki KOKKA

    NUMBER          shift and go to state 39
    ID              shift and go to state 45
    STR             shift and go to state 46
    KAKKO           shift and go to state 42

    shiki                          shift and go to state 100

state 72

    (26) bun -> WHILE shiki LBRACE . bunlist RBRACE
    (10) bunlist -> . bun
    (11) bunlist -> . bunlist bun
    (3) bun -> . INCLUDE STR SEMI
    (8) bun -> . ID KAKKO shiki KOKKA SEMI
    (12) bun -> . TYPE ID colon colon TYPE EQUALS NUMBER SEMI
    (13) bun -> . TYPE ID colon colon TYPE EQUALS STR SEMI
    (14) bun -> . TYPE ID colon colon TYPE EQUALS LISL STR LISR SEMI
    (15) bun -> . TYPE ID colon colon TYPE EQUALS ID LISL NUMBER LISR SEMI
    (16) bun -> . TYPE ID colon colon TYPE EQUALS ID LISL ID LISR SEMI
    (17) bun -> . TYPE ID colon colon TYPE EQUALS LISL LISR SEMI
    (18) bun -> . ID EQUALS ID OPTASU NUMBER SEMI
    (19) bun -> . ID EQUALS ID OPKAKERU NUMBER SEMI
    (20) bun -> . ID EQUALS ID OPMIN NUMBER SEMI
    (21) bun -> . ID EQUALS ID OPWARU NUMBER SEMI
    (22) bun -> . RETURN shiki SEMI
    (23) bun -> . RETURN bun
    (24) bun -> . IF hikaku LBRACE bunlist RBRACE
    (25) bun -> . IF hikaku LBRACE bunlist RBRACE ELSE LBRACE bunlist RBRACE
    (26) bun -> . WHILE shiki LBRACE bunlist RBRACE
    (34) bun -> . PASS
    (35) bun -> . PASS KAKKO KOKKA
    (36) bun -> . PASS KAKKO PASS KOKKA SEMI
    (43) bun -> . RESERV ID LISL NUMBER LISR EQUALS STR SEMI
    (44) bun -> . RESERV ID LISL ID LISR EQUALS STR SEMI
    (45) bun -> . RESERV ID LISL NUMBER LISR EQUALS ID SEMI
    (46) bun -> . RESERV ID LISL ID LISR EQUALS ID SEMI
    (47) bun -> . RESERV ID SEMI
    (48) bun -> . RESERV STR SEMI
    (49) bun -> . RESERV NUMBER SEMI
    (50) bun -> . TYPE TYPE LBRACE letlist RBRACE SEMI
    (55) bun -> . ID EQUALS ID OPTASU STR SEMI
    (56) bun -> . ID EQUALS STR OPTASU ID SEMI
    (57) bun -> . ID OPTASU OPTASU SEMI
    (58) bun -> . STR OPTASU OPTASU SEMI

    INCLUDE         shift and go to state 21
    ID              shift and go to state 18
    TYPE            shift and go to state 17
    RETURN          shift and go to state 23
    IF              shift and go to state 24
    WHILE           shift and go to state 25
    PASS            shift and go to state 26
    RESERV          shift and go to state 27
    STR             shift and go to state 22

    bunlist                        shift and go to state 101
    bun                            shift and go to state 20

state 73

    (36) bun -> PASS KAKKO PASS . KOKKA SEMI

    KOKKA           shift and go to state 102


state 74

    (35) bun -> PASS KAKKO KOKKA .

    RBRACE          reduce using rule 35 (bun -> PASS KAKKO KOKKA .)
    INCLUDE         reduce using rule 35 (bun -> PASS KAKKO KOKKA .)
    ID              reduce using rule 35 (bun -> PASS KAKKO KOKKA .)
    TYPE            reduce using rule 35 (bun -> PASS KAKKO KOKKA .)
    RETURN          reduce using rule 35 (bun -> PASS KAKKO KOKKA .)
    IF              reduce using rule 35 (bun -> PASS KAKKO KOKKA .)
    WHILE           reduce using rule 35 (bun -> PASS KAKKO KOKKA .)
    PASS            reduce using rule 35 (bun -> PASS KAKKO KOKKA .)
    RESERV          reduce using rule 35 (bun -> PASS KAKKO KOKKA .)
    STR             reduce using rule 35 (bun -> PASS KAKKO KOKKA .)


state 75

    (43) bun -> RESERV ID LISL . NUMBER LISR EQUALS STR SEMI
    (44) bun -> RESERV ID LISL . ID LISR EQUALS STR SEMI
    (45) bun -> RESERV ID LISL . NUMBER LISR EQUALS ID SEMI
    (46) bun -> RESERV ID LISL . ID LISR EQUALS ID SEMI

    NUMBER          shift and go to state 104
    ID              shift and go to state 103


state 76

    (47) bun -> RESERV ID SEMI .

    RBRACE          reduce using rule 47 (bun -> RESERV ID SEMI .)
    INCLUDE         reduce using rule 47 (bun -> RESERV ID SEMI .)
    ID              reduce using rule 47 (bun -> RESERV ID SEMI .)
    TYPE            reduce using rule 47 (bun -> RESERV ID SEMI .)
    RETURN          reduce using rule 47 (bun -> RESERV ID SEMI .)
    IF              reduce using rule 47 (bun -> RESERV ID SEMI .)
    WHILE           reduce using rule 47 (bun -> RESERV ID SEMI .)
    PASS            reduce using rule 47 (bun -> RESERV ID SEMI .)
    RESERV          reduce using rule 47 (bun -> RESERV ID SEMI .)
    STR             reduce using rule 47 (bun -> RESERV ID SEMI .)


state 77

    (49) bun -> RESERV NUMBER SEMI .

    RBRACE          reduce using rule 49 (bun -> RESERV NUMBER SEMI .)
    INCLUDE         reduce using rule 49 (bun -> RESERV NUMBER SEMI .)
    ID              reduce using rule 49 (bun -> RESERV NUMBER SEMI .)
    TYPE            reduce using rule 49 (bun -> RESERV NUMBER SEMI .)
    RETURN          reduce using rule 49 (bun -> RESERV NUMBER SEMI .)
    IF              reduce using rule 49 (bun -> RESERV NUMBER SEMI .)
    WHILE           reduce using rule 49 (bun -> RESERV NUMBER SEMI .)
    PASS            reduce using rule 49 (bun -> RESERV NUMBER SEMI .)
    RESERV          reduce using rule 49 (bun -> RESERV NUMBER SEMI .)
    STR             reduce using rule 49 (bun -> RESERV NUMBER SEMI .)


state 78

    (48) bun -> RESERV STR SEMI .

    RBRACE          reduce using rule 48 (bun -> RESERV STR SEMI .)
    INCLUDE         reduce using rule 48 (bun -> RESERV STR SEMI .)
    ID              reduce using rule 48 (bun -> RESERV STR SEMI .)
    TYPE            reduce using rule 48 (bun -> RESERV STR SEMI .)
    RETURN          reduce using rule 48 (bun -> RESERV STR SEMI .)
    IF              reduce using rule 48 (bun -> RESERV STR SEMI .)
    WHILE           reduce using rule 48 (bun -> RESERV STR SEMI .)
    PASS            reduce using rule 48 (bun -> RESERV STR SEMI .)
    RESERV          reduce using rule 48 (bun -> RESERV STR SEMI .)
    STR             reduce using rule 48 (bun -> RESERV STR SEMI .)


state 79

    (50) bun -> TYPE TYPE LBRACE letlist . RBRACE SEMI
    (53) letlist -> letlist . ID EQUALS STR SEMI
    (54) letlist -> letlist . ID EQUALS NUMBER SEMI

    RBRACE          shift and go to state 105
    ID              shift and go to state 106


state 80

    (51) letlist -> ID . EQUALS STR SEMI
    (52) letlist -> ID . EQUALS NUMBER SEMI

    EQUALS          shift and go to state 107


state 81

    (12) bun -> TYPE ID colon colon . TYPE EQUALS NUMBER SEMI
    (13) bun -> TYPE ID colon colon . TYPE EQUALS STR SEMI
    (14) bun -> TYPE ID colon colon . TYPE EQUALS LISL STR LISR SEMI
    (15) bun -> TYPE ID colon colon . TYPE EQUALS ID LISL NUMBER LISR SEMI
    (16) bun -> TYPE ID colon colon . TYPE EQUALS ID LISL ID LISR SEMI
    (17) bun -> TYPE ID colon colon . TYPE EQUALS LISL LISR SEMI

    TYPE            shift and go to state 108


state 82

    (8) bun -> ID KAKKO shiki KOKKA . SEMI

    SEMI            shift and go to state 109


state 83

    (18) bun -> ID EQUALS ID OPTASU . NUMBER SEMI
    (55) bun -> ID EQUALS ID OPTASU . STR SEMI

    NUMBER          shift and go to state 110
    STR             shift and go to state 111


state 84

    (19) bun -> ID EQUALS ID OPKAKERU . NUMBER SEMI

    NUMBER          shift and go to state 112


state 85

    (20) bun -> ID EQUALS ID OPMIN . NUMBER SEMI

    NUMBER          shift and go to state 113


state 86

    (21) bun -> ID EQUALS ID OPWARU . NUMBER SEMI

    NUMBER          shift and go to state 114


state 87

    (56) bun -> ID EQUALS STR OPTASU . ID SEMI

    ID              shift and go to state 115


state 88

    (57) bun -> ID OPTASU OPTASU SEMI .

    RBRACE          reduce using rule 57 (bun -> ID OPTASU OPTASU SEMI .)
    INCLUDE         reduce using rule 57 (bun -> ID OPTASU OPTASU SEMI .)
    ID              reduce using rule 57 (bun -> ID OPTASU OPTASU SEMI .)
    TYPE            reduce using rule 57 (bun -> ID OPTASU OPTASU SEMI .)
    RETURN          reduce using rule 57 (bun -> ID OPTASU OPTASU SEMI .)
    IF              reduce using rule 57 (bun -> ID OPTASU OPTASU SEMI .)
    WHILE           reduce using rule 57 (bun -> ID OPTASU OPTASU SEMI .)
    PASS            reduce using rule 57 (bun -> ID OPTASU OPTASU SEMI .)
    RESERV          reduce using rule 57 (bun -> ID OPTASU OPTASU SEMI .)
    STR             reduce using rule 57 (bun -> ID OPTASU OPTASU SEMI .)


state 89

    (58) bun -> STR OPTASU OPTASU SEMI .

    RBRACE          reduce using rule 58 (bun -> STR OPTASU OPTASU SEMI .)
    INCLUDE         reduce using rule 58 (bun -> STR OPTASU OPTASU SEMI .)
    ID              reduce using rule 58 (bun -> STR OPTASU OPTASU SEMI .)
    TYPE            reduce using rule 58 (bun -> STR OPTASU OPTASU SEMI .)
    RETURN          reduce using rule 58 (bun -> STR OPTASU OPTASU SEMI .)
    IF              reduce using rule 58 (bun -> STR OPTASU OPTASU SEMI .)
    WHILE           reduce using rule 58 (bun -> STR OPTASU OPTASU SEMI .)
    PASS            reduce using rule 58 (bun -> STR OPTASU OPTASU SEMI .)
    RESERV          reduce using rule 58 (bun -> STR OPTASU OPTASU SEMI .)
    STR             reduce using rule 58 (bun -> STR OPTASU OPTASU SEMI .)


state 90

    (37) shiki -> shiki OPTASU shiki .
    (37) shiki -> shiki . OPTASU shiki
    (38) shiki -> shiki . OPKAKERU shiki
    (39) shiki -> shiki . OPMIN shiki
    (40) shiki -> shiki . OPWARU shiki

    SEMI            reduce using rule 37 (shiki -> shiki OPTASU shiki .)
    OPTASU          reduce using rule 37 (shiki -> shiki OPTASU shiki .)
    OPMIN           reduce using rule 37 (shiki -> shiki OPTASU shiki .)
    OPWARU          reduce using rule 37 (shiki -> shiki OPTASU shiki .)
    LBRACE          reduce using rule 37 (shiki -> shiki OPTASU shiki .)
    EQOP            reduce using rule 37 (shiki -> shiki OPTASU shiki .)
    dainari         reduce using rule 37 (shiki -> shiki OPTASU shiki .)
    syounari        reduce using rule 37 (shiki -> shiki OPTASU shiki .)
    KOKKA           reduce using rule 37 (shiki -> shiki OPTASU shiki .)
    OPKAKERU        shift and go to state 62

  ! OPKAKERU        [ reduce using rule 37 (shiki -> shiki OPTASU shiki .) ]
  ! OPTASU          [ shift and go to state 61 ]
  ! OPMIN           [ shift and go to state 63 ]
  ! OPWARU          [ shift and go to state 64 ]


state 91

    (38) shiki -> shiki OPKAKERU shiki .
    (37) shiki -> shiki . OPTASU shiki
    (38) shiki -> shiki . OPKAKERU shiki
    (39) shiki -> shiki . OPMIN shiki
    (40) shiki -> shiki . OPWARU shiki

    SEMI            reduce using rule 38 (shiki -> shiki OPKAKERU shiki .)
    OPTASU          reduce using rule 38 (shiki -> shiki OPKAKERU shiki .)
    OPKAKERU        reduce using rule 38 (shiki -> shiki OPKAKERU shiki .)
    OPMIN           reduce using rule 38 (shiki -> shiki OPKAKERU shiki .)
    OPWARU          reduce using rule 38 (shiki -> shiki OPKAKERU shiki .)
    LBRACE          reduce using rule 38 (shiki -> shiki OPKAKERU shiki .)
    EQOP            reduce using rule 38 (shiki -> shiki OPKAKERU shiki .)
    dainari         reduce using rule 38 (shiki -> shiki OPKAKERU shiki .)
    syounari        reduce using rule 38 (shiki -> shiki OPKAKERU shiki .)
    KOKKA           reduce using rule 38 (shiki -> shiki OPKAKERU shiki .)

  ! OPTASU          [ shift and go to state 61 ]
  ! OPKAKERU        [ shift and go to state 62 ]
  ! OPMIN           [ shift and go to state 63 ]
  ! OPWARU          [ shift and go to state 64 ]


state 92

    (39) shiki -> shiki OPMIN shiki .
    (37) shiki -> shiki . OPTASU shiki
    (38) shiki -> shiki . OPKAKERU shiki
    (39) shiki -> shiki . OPMIN shiki
    (40) shiki -> shiki . OPWARU shiki

  ! shift/reduce conflict for OPTASU resolved as shift
  ! shift/reduce conflict for OPKAKERU resolved as shift
  ! shift/reduce conflict for OPMIN resolved as shift
  ! shift/reduce conflict for OPWARU resolved as shift
    SEMI            reduce using rule 39 (shiki -> shiki OPMIN shiki .)
    LBRACE          reduce using rule 39 (shiki -> shiki OPMIN shiki .)
    EQOP            reduce using rule 39 (shiki -> shiki OPMIN shiki .)
    dainari         reduce using rule 39 (shiki -> shiki OPMIN shiki .)
    syounari        reduce using rule 39 (shiki -> shiki OPMIN shiki .)
    KOKKA           reduce using rule 39 (shiki -> shiki OPMIN shiki .)
    OPTASU          shift and go to state 61
    OPKAKERU        shift and go to state 62
    OPMIN           shift and go to state 63
    OPWARU          shift and go to state 64

  ! OPTASU          [ reduce using rule 39 (shiki -> shiki OPMIN shiki .) ]
  ! OPKAKERU        [ reduce using rule 39 (shiki -> shiki OPMIN shiki .) ]
  ! OPMIN           [ reduce using rule 39 (shiki -> shiki OPMIN shiki .) ]
  ! OPWARU          [ reduce using rule 39 (shiki -> shiki OPMIN shiki .) ]


state 93

    (40) shiki -> shiki OPWARU shiki .
    (37) shiki -> shiki . OPTASU shiki
    (38) shiki -> shiki . OPKAKERU shiki
    (39) shiki -> shiki . OPMIN shiki
    (40) shiki -> shiki . OPWARU shiki

  ! shift/reduce conflict for OPTASU resolved as shift
  ! shift/reduce conflict for OPKAKERU resolved as shift
  ! shift/reduce conflict for OPMIN resolved as shift
  ! shift/reduce conflict for OPWARU resolved as shift
    SEMI            reduce using rule 40 (shiki -> shiki OPWARU shiki .)
    LBRACE          reduce using rule 40 (shiki -> shiki OPWARU shiki .)
    EQOP            reduce using rule 40 (shiki -> shiki OPWARU shiki .)
    dainari         reduce using rule 40 (shiki -> shiki OPWARU shiki .)
    syounari        reduce using rule 40 (shiki -> shiki OPWARU shiki .)
    KOKKA           reduce using rule 40 (shiki -> shiki OPWARU shiki .)
    OPTASU          shift and go to state 61
    OPKAKERU        shift and go to state 62
    OPMIN           shift and go to state 63
    OPWARU          shift and go to state 64

  ! OPTASU          [ reduce using rule 40 (shiki -> shiki OPWARU shiki .) ]
  ! OPKAKERU        [ reduce using rule 40 (shiki -> shiki OPWARU shiki .) ]
  ! OPMIN           [ reduce using rule 40 (shiki -> shiki OPWARU shiki .) ]
  ! OPWARU          [ reduce using rule 40 (shiki -> shiki OPWARU shiki .) ]


state 94

    (42) shiki -> ID KAKKO shiki . KOKKA
    (8) bun -> ID KAKKO shiki . KOKKA SEMI
    (37) shiki -> shiki . OPTASU shiki
    (38) shiki -> shiki . OPKAKERU shiki
    (39) shiki -> shiki . OPMIN shiki
    (40) shiki -> shiki . OPWARU shiki

    KOKKA           shift and go to state 116
    OPTASU          shift and go to state 61
    OPKAKERU        shift and go to state 62
    OPMIN           shift and go to state 63
    OPWARU          shift and go to state 64


state 95

    (41) shiki -> KAKKO shiki KOKKA .

    SEMI            reduce using rule 41 (shiki -> KAKKO shiki KOKKA .)
    OPTASU          reduce using rule 41 (shiki -> KAKKO shiki KOKKA .)
    OPKAKERU        reduce using rule 41 (shiki -> KAKKO shiki KOKKA .)
    OPMIN           reduce using rule 41 (shiki -> KAKKO shiki KOKKA .)
    OPWARU          reduce using rule 41 (shiki -> KAKKO shiki KOKKA .)
    LBRACE          reduce using rule 41 (shiki -> KAKKO shiki KOKKA .)
    EQOP            reduce using rule 41 (shiki -> KAKKO shiki KOKKA .)
    dainari         reduce using rule 41 (shiki -> KAKKO shiki KOKKA .)
    syounari        reduce using rule 41 (shiki -> KAKKO shiki KOKKA .)
    KOKKA           reduce using rule 41 (shiki -> KAKKO shiki KOKKA .)


state 96

    (24) bun -> IF hikaku LBRACE bunlist . RBRACE
    (25) bun -> IF hikaku LBRACE bunlist . RBRACE ELSE LBRACE bunlist RBRACE
    (11) bunlist -> bunlist . bun
    (3) bun -> . INCLUDE STR SEMI
    (8) bun -> . ID KAKKO shiki KOKKA SEMI
    (12) bun -> . TYPE ID colon colon TYPE EQUALS NUMBER SEMI
    (13) bun -> . TYPE ID colon colon TYPE EQUALS STR SEMI
    (14) bun -> . TYPE ID colon colon TYPE EQUALS LISL STR LISR SEMI
    (15) bun -> . TYPE ID colon colon TYPE EQUALS ID LISL NUMBER LISR SEMI
    (16) bun -> . TYPE ID colon colon TYPE EQUALS ID LISL ID LISR SEMI
    (17) bun -> . TYPE ID colon colon TYPE EQUALS LISL LISR SEMI
    (18) bun -> . ID EQUALS ID OPTASU NUMBER SEMI
    (19) bun -> . ID EQUALS ID OPKAKERU NUMBER SEMI
    (20) bun -> . ID EQUALS ID OPMIN NUMBER SEMI
    (21) bun -> . ID EQUALS ID OPWARU NUMBER SEMI
    (22) bun -> . RETURN shiki SEMI
    (23) bun -> . RETURN bun
    (24) bun -> . IF hikaku LBRACE bunlist RBRACE
    (25) bun -> . IF hikaku LBRACE bunlist RBRACE ELSE LBRACE bunlist RBRACE
    (26) bun -> . WHILE shiki LBRACE bunlist RBRACE
    (34) bun -> . PASS
    (35) bun -> . PASS KAKKO KOKKA
    (36) bun -> . PASS KAKKO PASS KOKKA SEMI
    (43) bun -> . RESERV ID LISL NUMBER LISR EQUALS STR SEMI
    (44) bun -> . RESERV ID LISL ID LISR EQUALS STR SEMI
    (45) bun -> . RESERV ID LISL NUMBER LISR EQUALS ID SEMI
    (46) bun -> . RESERV ID LISL ID LISR EQUALS ID SEMI
    (47) bun -> . RESERV ID SEMI
    (48) bun -> . RESERV STR SEMI
    (49) bun -> . RESERV NUMBER SEMI
    (50) bun -> . TYPE TYPE LBRACE letlist RBRACE SEMI
    (55) bun -> . ID EQUALS ID OPTASU STR SEMI
    (56) bun -> . ID EQUALS STR OPTASU ID SEMI
    (57) bun -> . ID OPTASU OPTASU SEMI
    (58) bun -> . STR OPTASU OPTASU SEMI

    RBRACE          shift and go to state 117
    INCLUDE         shift and go to state 21
    ID              shift and go to state 18
    TYPE            shift and go to state 17
    RETURN          shift and go to state 23
    IF              shift and go to state 24
    WHILE           shift and go to state 25
    PASS            shift and go to state 26
    RESERV          shift and go to state 27
    STR             shift and go to state 22

    bun                            shift and go to state 34

state 97

    (28) hikaku -> hikaku EQOP shiki .
    (37) shiki -> shiki . OPTASU shiki
    (38) shiki -> shiki . OPKAKERU shiki
    (39) shiki -> shiki . OPMIN shiki
    (40) shiki -> shiki . OPWARU shiki

    LBRACE          reduce using rule 28 (hikaku -> hikaku EQOP shiki .)
    EQOP            reduce using rule 28 (hikaku -> hikaku EQOP shiki .)
    dainari         reduce using rule 28 (hikaku -> hikaku EQOP shiki .)
    syounari        reduce using rule 28 (hikaku -> hikaku EQOP shiki .)
    OPTASU          shift and go to state 61
    OPKAKERU        shift and go to state 62
    OPMIN           shift and go to state 63
    OPWARU          shift and go to state 64


state 98

    (29) hikaku -> hikaku dainari shiki .
    (37) shiki -> shiki . OPTASU shiki
    (38) shiki -> shiki . OPKAKERU shiki
    (39) shiki -> shiki . OPMIN shiki
    (40) shiki -> shiki . OPWARU shiki

    LBRACE          reduce using rule 29 (hikaku -> hikaku dainari shiki .)
    EQOP            reduce using rule 29 (hikaku -> hikaku dainari shiki .)
    dainari         reduce using rule 29 (hikaku -> hikaku dainari shiki .)
    syounari        reduce using rule 29 (hikaku -> hikaku dainari shiki .)
    OPTASU          shift and go to state 61
    OPKAKERU        shift and go to state 62
    OPMIN           shift and go to state 63
    OPWARU          shift and go to state 64


state 99

    (30) hikaku -> hikaku syounari shiki .
    (37) shiki -> shiki . OPTASU shiki
    (38) shiki -> shiki . OPKAKERU shiki
    (39) shiki -> shiki . OPMIN shiki
    (40) shiki -> shiki . OPWARU shiki

    LBRACE          reduce using rule 30 (hikaku -> hikaku syounari shiki .)
    EQOP            reduce using rule 30 (hikaku -> hikaku syounari shiki .)
    dainari         reduce using rule 30 (hikaku -> hikaku syounari shiki .)
    syounari        reduce using rule 30 (hikaku -> hikaku syounari shiki .)
    OPTASU          shift and go to state 61
    OPKAKERU        shift and go to state 62
    OPMIN           shift and go to state 63
    OPWARU          shift and go to state 64


state 100

    (42) shiki -> ID KAKKO shiki . KOKKA
    (37) shiki -> shiki . OPTASU shiki
    (38) shiki -> shiki . OPKAKERU shiki
    (39) shiki -> shiki . OPMIN shiki
    (40) shiki -> shiki . OPWARU shiki

    KOKKA           shift and go to state 118
    OPTASU          shift and go to state 61
    OPKAKERU        shift and go to state 62
    OPMIN           shift and go to state 63
    OPWARU          shift and go to state 64


state 101

    (26) bun -> WHILE shiki LBRACE bunlist . RBRACE
    (11) bunlist -> bunlist . bun
    (3) bun -> . INCLUDE STR SEMI
    (8) bun -> . ID KAKKO shiki KOKKA SEMI
    (12) bun -> . TYPE ID colon colon TYPE EQUALS NUMBER SEMI
    (13) bun -> . TYPE ID colon colon TYPE EQUALS STR SEMI
    (14) bun -> . TYPE ID colon colon TYPE EQUALS LISL STR LISR SEMI
    (15) bun -> . TYPE ID colon colon TYPE EQUALS ID LISL NUMBER LISR SEMI
    (16) bun -> . TYPE ID colon colon TYPE EQUALS ID LISL ID LISR SEMI
    (17) bun -> . TYPE ID colon colon TYPE EQUALS LISL LISR SEMI
    (18) bun -> . ID EQUALS ID OPTASU NUMBER SEMI
    (19) bun -> . ID EQUALS ID OPKAKERU NUMBER SEMI
    (20) bun -> . ID EQUALS ID OPMIN NUMBER SEMI
    (21) bun -> . ID EQUALS ID OPWARU NUMBER SEMI
    (22) bun -> . RETURN shiki SEMI
    (23) bun -> . RETURN bun
    (24) bun -> . IF hikaku LBRACE bunlist RBRACE
    (25) bun -> . IF hikaku LBRACE bunlist RBRACE ELSE LBRACE bunlist RBRACE
    (26) bun -> . WHILE shiki LBRACE bunlist RBRACE
    (34) bun -> . PASS
    (35) bun -> . PASS KAKKO KOKKA
    (36) bun -> . PASS KAKKO PASS KOKKA SEMI
    (43) bun -> . RESERV ID LISL NUMBER LISR EQUALS STR SEMI
    (44) bun -> . RESERV ID LISL ID LISR EQUALS STR SEMI
    (45) bun -> . RESERV ID LISL NUMBER LISR EQUALS ID SEMI
    (46) bun -> . RESERV ID LISL ID LISR EQUALS ID SEMI
    (47) bun -> . RESERV ID SEMI
    (48) bun -> . RESERV STR SEMI
    (49) bun -> . RESERV NUMBER SEMI
    (50) bun -> . TYPE TYPE LBRACE letlist RBRACE SEMI
    (55) bun -> . ID EQUALS ID OPTASU STR SEMI
    (56) bun -> . ID EQUALS STR OPTASU ID SEMI
    (57) bun -> . ID OPTASU OPTASU SEMI
    (58) bun -> . STR OPTASU OPTASU SEMI

    RBRACE          shift and go to state 119
    INCLUDE         shift and go to state 21
    ID              shift and go to state 18
    TYPE            shift and go to state 17
    RETURN          shift and go to state 23
    IF              shift and go to state 24
    WHILE           shift and go to state 25
    PASS            shift and go to state 26
    RESERV          shift and go to state 27
    STR             shift and go to state 22

    bun                            shift and go to state 34

state 102

    (36) bun -> PASS KAKKO PASS KOKKA . SEMI

    SEMI            shift and go to state 120


state 103

    (44) bun -> RESERV ID LISL ID . LISR EQUALS STR SEMI
    (46) bun -> RESERV ID LISL ID . LISR EQUALS ID SEMI

    LISR            shift and go to state 121


state 104

    (43) bun -> RESERV ID LISL NUMBER . LISR EQUALS STR SEMI
    (45) bun -> RESERV ID LISL NUMBER . LISR EQUALS ID SEMI

    LISR            shift and go to state 122


state 105

    (50) bun -> TYPE TYPE LBRACE letlist RBRACE . SEMI

    SEMI            shift and go to state 123


state 106

    (53) letlist -> letlist ID . EQUALS STR SEMI
    (54) letlist -> letlist ID . EQUALS NUMBER SEMI

    EQUALS          shift and go to state 124


state 107

    (51) letlist -> ID EQUALS . STR SEMI
    (52) letlist -> ID EQUALS . NUMBER SEMI

    STR             shift and go to state 125
    NUMBER          shift and go to state 126


state 108

    (12) bun -> TYPE ID colon colon TYPE . EQUALS NUMBER SEMI
    (13) bun -> TYPE ID colon colon TYPE . EQUALS STR SEMI
    (14) bun -> TYPE ID colon colon TYPE . EQUALS LISL STR LISR SEMI
    (15) bun -> TYPE ID colon colon TYPE . EQUALS ID LISL NUMBER LISR SEMI
    (16) bun -> TYPE ID colon colon TYPE . EQUALS ID LISL ID LISR SEMI
    (17) bun -> TYPE ID colon colon TYPE . EQUALS LISL LISR SEMI

    EQUALS          shift and go to state 127


state 109

    (8) bun -> ID KAKKO shiki KOKKA SEMI .

    RBRACE          reduce using rule 8 (bun -> ID KAKKO shiki KOKKA SEMI .)
    INCLUDE         reduce using rule 8 (bun -> ID KAKKO shiki KOKKA SEMI .)
    ID              reduce using rule 8 (bun -> ID KAKKO shiki KOKKA SEMI .)
    TYPE            reduce using rule 8 (bun -> ID KAKKO shiki KOKKA SEMI .)
    RETURN          reduce using rule 8 (bun -> ID KAKKO shiki KOKKA SEMI .)
    IF              reduce using rule 8 (bun -> ID KAKKO shiki KOKKA SEMI .)
    WHILE           reduce using rule 8 (bun -> ID KAKKO shiki KOKKA SEMI .)
    PASS            reduce using rule 8 (bun -> ID KAKKO shiki KOKKA SEMI .)
    RESERV          reduce using rule 8 (bun -> ID KAKKO shiki KOKKA SEMI .)
    STR             reduce using rule 8 (bun -> ID KAKKO shiki KOKKA SEMI .)


state 110

    (18) bun -> ID EQUALS ID OPTASU NUMBER . SEMI

    SEMI            shift and go to state 128


state 111

    (55) bun -> ID EQUALS ID OPTASU STR . SEMI

    SEMI            shift and go to state 129


state 112

    (19) bun -> ID EQUALS ID OPKAKERU NUMBER . SEMI

    SEMI            shift and go to state 130


state 113

    (20) bun -> ID EQUALS ID OPMIN NUMBER . SEMI

    SEMI            shift and go to state 131


state 114

    (21) bun -> ID EQUALS ID OPWARU NUMBER . SEMI

    SEMI            shift and go to state 132


state 115

    (56) bun -> ID EQUALS STR OPTASU ID . SEMI

    SEMI            shift and go to state 133


state 116

    (42) shiki -> ID KAKKO shiki KOKKA .
    (8) bun -> ID KAKKO shiki KOKKA . SEMI

  ! shift/reduce conflict for SEMI resolved as shift
    OPTASU          reduce using rule 42 (shiki -> ID KAKKO shiki KOKKA .)
    OPKAKERU        reduce using rule 42 (shiki -> ID KAKKO shiki KOKKA .)
    OPMIN           reduce using rule 42 (shiki -> ID KAKKO shiki KOKKA .)
    OPWARU          reduce using rule 42 (shiki -> ID KAKKO shiki KOKKA .)
    SEMI            shift and go to state 109

  ! SEMI            [ reduce using rule 42 (shiki -> ID KAKKO shiki KOKKA .) ]


state 117

    (24) bun -> IF hikaku LBRACE bunlist RBRACE .
    (25) bun -> IF hikaku LBRACE bunlist RBRACE . ELSE LBRACE bunlist RBRACE

    RBRACE          reduce using rule 24 (bun -> IF hikaku LBRACE bunlist RBRACE .)
    INCLUDE         reduce using rule 24 (bun -> IF hikaku LBRACE bunlist RBRACE .)
    ID              reduce using rule 24 (bun -> IF hikaku LBRACE bunlist RBRACE .)
    TYPE            reduce using rule 24 (bun -> IF hikaku LBRACE bunlist RBRACE .)
    RETURN          reduce using rule 24 (bun -> IF hikaku LBRACE bunlist RBRACE .)
    IF              reduce using rule 24 (bun -> IF hikaku LBRACE bunlist RBRACE .)
    WHILE           reduce using rule 24 (bun -> IF hikaku LBRACE bunlist RBRACE .)
    PASS            reduce using rule 24 (bun -> IF hikaku LBRACE bunlist RBRACE .)
    RESERV          reduce using rule 24 (bun -> IF hikaku LBRACE bunlist RBRACE .)
    STR             reduce using rule 24 (bun -> IF hikaku LBRACE bunlist RBRACE .)
    ELSE            shift and go to state 134


state 118

    (42) shiki -> ID KAKKO shiki KOKKA .

    OPTASU          reduce using rule 42 (shiki -> ID KAKKO shiki KOKKA .)
    OPKAKERU        reduce using rule 42 (shiki -> ID KAKKO shiki KOKKA .)
    OPMIN           reduce using rule 42 (shiki -> ID KAKKO shiki KOKKA .)
    OPWARU          reduce using rule 42 (shiki -> ID KAKKO shiki KOKKA .)
    LBRACE          reduce using rule 42 (shiki -> ID KAKKO shiki KOKKA .)
    EQOP            reduce using rule 42 (shiki -> ID KAKKO shiki KOKKA .)
    dainari         reduce using rule 42 (shiki -> ID KAKKO shiki KOKKA .)
    syounari        reduce using rule 42 (shiki -> ID KAKKO shiki KOKKA .)
    KOKKA           reduce using rule 42 (shiki -> ID KAKKO shiki KOKKA .)
    SEMI            reduce using rule 42 (shiki -> ID KAKKO shiki KOKKA .)


state 119

    (26) bun -> WHILE shiki LBRACE bunlist RBRACE .

    RBRACE          reduce using rule 26 (bun -> WHILE shiki LBRACE bunlist RBRACE .)
    INCLUDE         reduce using rule 26 (bun -> WHILE shiki LBRACE bunlist RBRACE .)
    ID              reduce using rule 26 (bun -> WHILE shiki LBRACE bunlist RBRACE .)
    TYPE            reduce using rule 26 (bun -> WHILE shiki LBRACE bunlist RBRACE .)
    RETURN          reduce using rule 26 (bun -> WHILE shiki LBRACE bunlist RBRACE .)
    IF              reduce using rule 26 (bun -> WHILE shiki LBRACE bunlist RBRACE .)
    WHILE           reduce using rule 26 (bun -> WHILE shiki LBRACE bunlist RBRACE .)
    PASS            reduce using rule 26 (bun -> WHILE shiki LBRACE bunlist RBRACE .)
    RESERV          reduce using rule 26 (bun -> WHILE shiki LBRACE bunlist RBRACE .)
    STR             reduce using rule 26 (bun -> WHILE shiki LBRACE bunlist RBRACE .)


state 120

    (36) bun -> PASS KAKKO PASS KOKKA SEMI .

    RBRACE          reduce using rule 36 (bun -> PASS KAKKO PASS KOKKA SEMI .)
    INCLUDE         reduce using rule 36 (bun -> PASS KAKKO PASS KOKKA SEMI .)
    ID              reduce using rule 36 (bun -> PASS KAKKO PASS KOKKA SEMI .)
    TYPE            reduce using rule 36 (bun -> PASS KAKKO PASS KOKKA SEMI .)
    RETURN          reduce using rule 36 (bun -> PASS KAKKO PASS KOKKA SEMI .)
    IF              reduce using rule 36 (bun -> PASS KAKKO PASS KOKKA SEMI .)
    WHILE           reduce using rule 36 (bun -> PASS KAKKO PASS KOKKA SEMI .)
    PASS            reduce using rule 36 (bun -> PASS KAKKO PASS KOKKA SEMI .)
    RESERV          reduce using rule 36 (bun -> PASS KAKKO PASS KOKKA SEMI .)
    STR             reduce using rule 36 (bun -> PASS KAKKO PASS KOKKA SEMI .)


state 121

    (44) bun -> RESERV ID LISL ID LISR . EQUALS STR SEMI
    (46) bun -> RESERV ID LISL ID LISR . EQUALS ID SEMI

    EQUALS          shift and go to state 135


state 122

    (43) bun -> RESERV ID LISL NUMBER LISR . EQUALS STR SEMI
    (45) bun -> RESERV ID LISL NUMBER LISR . EQUALS ID SEMI

    EQUALS          shift and go to state 136


state 123

    (50) bun -> TYPE TYPE LBRACE letlist RBRACE SEMI .

    RBRACE          reduce using rule 50 (bun -> TYPE TYPE LBRACE letlist RBRACE SEMI .)
    INCLUDE         reduce using rule 50 (bun -> TYPE TYPE LBRACE letlist RBRACE SEMI .)
    ID              reduce using rule 50 (bun -> TYPE TYPE LBRACE letlist RBRACE SEMI .)
    TYPE            reduce using rule 50 (bun -> TYPE TYPE LBRACE letlist RBRACE SEMI .)
    RETURN          reduce using rule 50 (bun -> TYPE TYPE LBRACE letlist RBRACE SEMI .)
    IF              reduce using rule 50 (bun -> TYPE TYPE LBRACE letlist RBRACE SEMI .)
    WHILE           reduce using rule 50 (bun -> TYPE TYPE LBRACE letlist RBRACE SEMI .)
    PASS            reduce using rule 50 (bun -> TYPE TYPE LBRACE letlist RBRACE SEMI .)
    RESERV          reduce using rule 50 (bun -> TYPE TYPE LBRACE letlist RBRACE SEMI .)
    STR             reduce using rule 50 (bun -> TYPE TYPE LBRACE letlist RBRACE SEMI .)


state 124

    (53) letlist -> letlist ID EQUALS . STR SEMI
    (54) letlist -> letlist ID EQUALS . NUMBER SEMI

    STR             shift and go to state 137
    NUMBER          shift and go to state 138


state 125

    (51) letlist -> ID EQUALS STR . SEMI

    SEMI            shift and go to state 139


state 126

    (52) letlist -> ID EQUALS NUMBER . SEMI

    SEMI            shift and go to state 140


state 127

    (12) bun -> TYPE ID colon colon TYPE EQUALS . NUMBER SEMI
    (13) bun -> TYPE ID colon colon TYPE EQUALS . STR SEMI
    (14) bun -> TYPE ID colon colon TYPE EQUALS . LISL STR LISR SEMI
    (15) bun -> TYPE ID colon colon TYPE EQUALS . ID LISL NUMBER LISR SEMI
    (16) bun -> TYPE ID colon colon TYPE EQUALS . ID LISL ID LISR SEMI
    (17) bun -> TYPE ID colon colon TYPE EQUALS . LISL LISR SEMI

    NUMBER          shift and go to state 142
    STR             shift and go to state 143
    LISL            shift and go to state 144
    ID              shift and go to state 141


state 128

    (18) bun -> ID EQUALS ID OPTASU NUMBER SEMI .

    RBRACE          reduce using rule 18 (bun -> ID EQUALS ID OPTASU NUMBER SEMI .)
    INCLUDE         reduce using rule 18 (bun -> ID EQUALS ID OPTASU NUMBER SEMI .)
    ID              reduce using rule 18 (bun -> ID EQUALS ID OPTASU NUMBER SEMI .)
    TYPE            reduce using rule 18 (bun -> ID EQUALS ID OPTASU NUMBER SEMI .)
    RETURN          reduce using rule 18 (bun -> ID EQUALS ID OPTASU NUMBER SEMI .)
    IF              reduce using rule 18 (bun -> ID EQUALS ID OPTASU NUMBER SEMI .)
    WHILE           reduce using rule 18 (bun -> ID EQUALS ID OPTASU NUMBER SEMI .)
    PASS            reduce using rule 18 (bun -> ID EQUALS ID OPTASU NUMBER SEMI .)
    RESERV          reduce using rule 18 (bun -> ID EQUALS ID OPTASU NUMBER SEMI .)
    STR             reduce using rule 18 (bun -> ID EQUALS ID OPTASU NUMBER SEMI .)


state 129

    (55) bun -> ID EQUALS ID OPTASU STR SEMI .

    RBRACE          reduce using rule 55 (bun -> ID EQUALS ID OPTASU STR SEMI .)
    INCLUDE         reduce using rule 55 (bun -> ID EQUALS ID OPTASU STR SEMI .)
    ID              reduce using rule 55 (bun -> ID EQUALS ID OPTASU STR SEMI .)
    TYPE            reduce using rule 55 (bun -> ID EQUALS ID OPTASU STR SEMI .)
    RETURN          reduce using rule 55 (bun -> ID EQUALS ID OPTASU STR SEMI .)
    IF              reduce using rule 55 (bun -> ID EQUALS ID OPTASU STR SEMI .)
    WHILE           reduce using rule 55 (bun -> ID EQUALS ID OPTASU STR SEMI .)
    PASS            reduce using rule 55 (bun -> ID EQUALS ID OPTASU STR SEMI .)
    RESERV          reduce using rule 55 (bun -> ID EQUALS ID OPTASU STR SEMI .)
    STR             reduce using rule 55 (bun -> ID EQUALS ID OPTASU STR SEMI .)


state 130

    (19) bun -> ID EQUALS ID OPKAKERU NUMBER SEMI .

    RBRACE          reduce using rule 19 (bun -> ID EQUALS ID OPKAKERU NUMBER SEMI .)
    INCLUDE         reduce using rule 19 (bun -> ID EQUALS ID OPKAKERU NUMBER SEMI .)
    ID              reduce using rule 19 (bun -> ID EQUALS ID OPKAKERU NUMBER SEMI .)
    TYPE            reduce using rule 19 (bun -> ID EQUALS ID OPKAKERU NUMBER SEMI .)
    RETURN          reduce using rule 19 (bun -> ID EQUALS ID OPKAKERU NUMBER SEMI .)
    IF              reduce using rule 19 (bun -> ID EQUALS ID OPKAKERU NUMBER SEMI .)
    WHILE           reduce using rule 19 (bun -> ID EQUALS ID OPKAKERU NUMBER SEMI .)
    PASS            reduce using rule 19 (bun -> ID EQUALS ID OPKAKERU NUMBER SEMI .)
    RESERV          reduce using rule 19 (bun -> ID EQUALS ID OPKAKERU NUMBER SEMI .)
    STR             reduce using rule 19 (bun -> ID EQUALS ID OPKAKERU NUMBER SEMI .)


state 131

    (20) bun -> ID EQUALS ID OPMIN NUMBER SEMI .

    RBRACE          reduce using rule 20 (bun -> ID EQUALS ID OPMIN NUMBER SEMI .)
    INCLUDE         reduce using rule 20 (bun -> ID EQUALS ID OPMIN NUMBER SEMI .)
    ID              reduce using rule 20 (bun -> ID EQUALS ID OPMIN NUMBER SEMI .)
    TYPE            reduce using rule 20 (bun -> ID EQUALS ID OPMIN NUMBER SEMI .)
    RETURN          reduce using rule 20 (bun -> ID EQUALS ID OPMIN NUMBER SEMI .)
    IF              reduce using rule 20 (bun -> ID EQUALS ID OPMIN NUMBER SEMI .)
    WHILE           reduce using rule 20 (bun -> ID EQUALS ID OPMIN NUMBER SEMI .)
    PASS            reduce using rule 20 (bun -> ID EQUALS ID OPMIN NUMBER SEMI .)
    RESERV          reduce using rule 20 (bun -> ID EQUALS ID OPMIN NUMBER SEMI .)
    STR             reduce using rule 20 (bun -> ID EQUALS ID OPMIN NUMBER SEMI .)


state 132

    (21) bun -> ID EQUALS ID OPWARU NUMBER SEMI .

    RBRACE          reduce using rule 21 (bun -> ID EQUALS ID OPWARU NUMBER SEMI .)
    INCLUDE         reduce using rule 21 (bun -> ID EQUALS ID OPWARU NUMBER SEMI .)
    ID              reduce using rule 21 (bun -> ID EQUALS ID OPWARU NUMBER SEMI .)
    TYPE            reduce using rule 21 (bun -> ID EQUALS ID OPWARU NUMBER SEMI .)
    RETURN          reduce using rule 21 (bun -> ID EQUALS ID OPWARU NUMBER SEMI .)
    IF              reduce using rule 21 (bun -> ID EQUALS ID OPWARU NUMBER SEMI .)
    WHILE           reduce using rule 21 (bun -> ID EQUALS ID OPWARU NUMBER SEMI .)
    PASS            reduce using rule 21 (bun -> ID EQUALS ID OPWARU NUMBER SEMI .)
    RESERV          reduce using rule 21 (bun -> ID EQUALS ID OPWARU NUMBER SEMI .)
    STR             reduce using rule 21 (bun -> ID EQUALS ID OPWARU NUMBER SEMI .)


state 133

    (56) bun -> ID EQUALS STR OPTASU ID SEMI .

    RBRACE          reduce using rule 56 (bun -> ID EQUALS STR OPTASU ID SEMI .)
    INCLUDE         reduce using rule 56 (bun -> ID EQUALS STR OPTASU ID SEMI .)
    ID              reduce using rule 56 (bun -> ID EQUALS STR OPTASU ID SEMI .)
    TYPE            reduce using rule 56 (bun -> ID EQUALS STR OPTASU ID SEMI .)
    RETURN          reduce using rule 56 (bun -> ID EQUALS STR OPTASU ID SEMI .)
    IF              reduce using rule 56 (bun -> ID EQUALS STR OPTASU ID SEMI .)
    WHILE           reduce using rule 56 (bun -> ID EQUALS STR OPTASU ID SEMI .)
    PASS            reduce using rule 56 (bun -> ID EQUALS STR OPTASU ID SEMI .)
    RESERV          reduce using rule 56 (bun -> ID EQUALS STR OPTASU ID SEMI .)
    STR             reduce using rule 56 (bun -> ID EQUALS STR OPTASU ID SEMI .)


state 134

    (25) bun -> IF hikaku LBRACE bunlist RBRACE ELSE . LBRACE bunlist RBRACE

    LBRACE          shift and go to state 145


state 135

    (44) bun -> RESERV ID LISL ID LISR EQUALS . STR SEMI
    (46) bun -> RESERV ID LISL ID LISR EQUALS . ID SEMI

    STR             shift and go to state 147
    ID              shift and go to state 146


state 136

    (43) bun -> RESERV ID LISL NUMBER LISR EQUALS . STR SEMI
    (45) bun -> RESERV ID LISL NUMBER LISR EQUALS . ID SEMI

    STR             shift and go to state 149
    ID              shift and go to state 148


state 137

    (53) letlist -> letlist ID EQUALS STR . SEMI

    SEMI            shift and go to state 150


state 138

    (54) letlist -> letlist ID EQUALS NUMBER . SEMI

    SEMI            shift and go to state 151


state 139

    (51) letlist -> ID EQUALS STR SEMI .

    RBRACE          reduce using rule 51 (letlist -> ID EQUALS STR SEMI .)
    ID              reduce using rule 51 (letlist -> ID EQUALS STR SEMI .)


state 140

    (52) letlist -> ID EQUALS NUMBER SEMI .

    RBRACE          reduce using rule 52 (letlist -> ID EQUALS NUMBER SEMI .)
    ID              reduce using rule 52 (letlist -> ID EQUALS NUMBER SEMI .)


state 141

    (15) bun -> TYPE ID colon colon TYPE EQUALS ID . LISL NUMBER LISR SEMI
    (16) bun -> TYPE ID colon colon TYPE EQUALS ID . LISL ID LISR SEMI

    LISL            shift and go to state 152


state 142

    (12) bun -> TYPE ID colon colon TYPE EQUALS NUMBER . SEMI

    SEMI            shift and go to state 153


state 143

    (13) bun -> TYPE ID colon colon TYPE EQUALS STR . SEMI

    SEMI            shift and go to state 154


state 144

    (14) bun -> TYPE ID colon colon TYPE EQUALS LISL . STR LISR SEMI
    (17) bun -> TYPE ID colon colon TYPE EQUALS LISL . LISR SEMI

    STR             shift and go to state 155
    LISR            shift and go to state 156


state 145

    (25) bun -> IF hikaku LBRACE bunlist RBRACE ELSE LBRACE . bunlist RBRACE
    (10) bunlist -> . bun
    (11) bunlist -> . bunlist bun
    (3) bun -> . INCLUDE STR SEMI
    (8) bun -> . ID KAKKO shiki KOKKA SEMI
    (12) bun -> . TYPE ID colon colon TYPE EQUALS NUMBER SEMI
    (13) bun -> . TYPE ID colon colon TYPE EQUALS STR SEMI
    (14) bun -> . TYPE ID colon colon TYPE EQUALS LISL STR LISR SEMI
    (15) bun -> . TYPE ID colon colon TYPE EQUALS ID LISL NUMBER LISR SEMI
    (16) bun -> . TYPE ID colon colon TYPE EQUALS ID LISL ID LISR SEMI
    (17) bun -> . TYPE ID colon colon TYPE EQUALS LISL LISR SEMI
    (18) bun -> . ID EQUALS ID OPTASU NUMBER SEMI
    (19) bun -> . ID EQUALS ID OPKAKERU NUMBER SEMI
    (20) bun -> . ID EQUALS ID OPMIN NUMBER SEMI
    (21) bun -> . ID EQUALS ID OPWARU NUMBER SEMI
    (22) bun -> . RETURN shiki SEMI
    (23) bun -> . RETURN bun
    (24) bun -> . IF hikaku LBRACE bunlist RBRACE
    (25) bun -> . IF hikaku LBRACE bunlist RBRACE ELSE LBRACE bunlist RBRACE
    (26) bun -> . WHILE shiki LBRACE bunlist RBRACE
    (34) bun -> . PASS
    (35) bun -> . PASS KAKKO KOKKA
    (36) bun -> . PASS KAKKO PASS KOKKA SEMI
    (43) bun -> . RESERV ID LISL NUMBER LISR EQUALS STR SEMI
    (44) bun -> . RESERV ID LISL ID LISR EQUALS STR SEMI
    (45) bun -> . RESERV ID LISL NUMBER LISR EQUALS ID SEMI
    (46) bun -> . RESERV ID LISL ID LISR EQUALS ID SEMI
    (47) bun -> . RESERV ID SEMI
    (48) bun -> . RESERV STR SEMI
    (49) bun -> . RESERV NUMBER SEMI
    (50) bun -> . TYPE TYPE LBRACE letlist RBRACE SEMI
    (55) bun -> . ID EQUALS ID OPTASU STR SEMI
    (56) bun -> . ID EQUALS STR OPTASU ID SEMI
    (57) bun -> . ID OPTASU OPTASU SEMI
    (58) bun -> . STR OPTASU OPTASU SEMI

    INCLUDE         shift and go to state 21
    ID              shift and go to state 18
    TYPE            shift and go to state 17
    RETURN          shift and go to state 23
    IF              shift and go to state 24
    WHILE           shift and go to state 25
    PASS            shift and go to state 26
    RESERV          shift and go to state 27
    STR             shift and go to state 22

    bunlist                        shift and go to state 157
    bun                            shift and go to state 20

state 146

    (46) bun -> RESERV ID LISL ID LISR EQUALS ID . SEMI

    SEMI            shift and go to state 158


state 147

    (44) bun -> RESERV ID LISL ID LISR EQUALS STR . SEMI

    SEMI            shift and go to state 159


state 148

    (45) bun -> RESERV ID LISL NUMBER LISR EQUALS ID . SEMI

    SEMI            shift and go to state 160


state 149

    (43) bun -> RESERV ID LISL NUMBER LISR EQUALS STR . SEMI

    SEMI            shift and go to state 161


state 150

    (53) letlist -> letlist ID EQUALS STR SEMI .

    RBRACE          reduce using rule 53 (letlist -> letlist ID EQUALS STR SEMI .)
    ID              reduce using rule 53 (letlist -> letlist ID EQUALS STR SEMI .)


state 151

    (54) letlist -> letlist ID EQUALS NUMBER SEMI .

    RBRACE          reduce using rule 54 (letlist -> letlist ID EQUALS NUMBER SEMI .)
    ID              reduce using rule 54 (letlist -> letlist ID EQUALS NUMBER SEMI .)


state 152

    (15) bun -> TYPE ID colon colon TYPE EQUALS ID LISL . NUMBER LISR SEMI
    (16) bun -> TYPE ID colon colon TYPE EQUALS ID LISL . ID LISR SEMI

    NUMBER          shift and go to state 163
    ID              shift and go to state 162


state 153

    (12) bun -> TYPE ID colon colon TYPE EQUALS NUMBER SEMI .

    RBRACE          reduce using rule 12 (bun -> TYPE ID colon colon TYPE EQUALS NUMBER SEMI .)
    INCLUDE         reduce using rule 12 (bun -> TYPE ID colon colon TYPE EQUALS NUMBER SEMI .)
    ID              reduce using rule 12 (bun -> TYPE ID colon colon TYPE EQUALS NUMBER SEMI .)
    TYPE            reduce using rule 12 (bun -> TYPE ID colon colon TYPE EQUALS NUMBER SEMI .)
    RETURN          reduce using rule 12 (bun -> TYPE ID colon colon TYPE EQUALS NUMBER SEMI .)
    IF              reduce using rule 12 (bun -> TYPE ID colon colon TYPE EQUALS NUMBER SEMI .)
    WHILE           reduce using rule 12 (bun -> TYPE ID colon colon TYPE EQUALS NUMBER SEMI .)
    PASS            reduce using rule 12 (bun -> TYPE ID colon colon TYPE EQUALS NUMBER SEMI .)
    RESERV          reduce using rule 12 (bun -> TYPE ID colon colon TYPE EQUALS NUMBER SEMI .)
    STR             reduce using rule 12 (bun -> TYPE ID colon colon TYPE EQUALS NUMBER SEMI .)


state 154

    (13) bun -> TYPE ID colon colon TYPE EQUALS STR SEMI .

    RBRACE          reduce using rule 13 (bun -> TYPE ID colon colon TYPE EQUALS STR SEMI .)
    INCLUDE         reduce using rule 13 (bun -> TYPE ID colon colon TYPE EQUALS STR SEMI .)
    ID              reduce using rule 13 (bun -> TYPE ID colon colon TYPE EQUALS STR SEMI .)
    TYPE            reduce using rule 13 (bun -> TYPE ID colon colon TYPE EQUALS STR SEMI .)
    RETURN          reduce using rule 13 (bun -> TYPE ID colon colon TYPE EQUALS STR SEMI .)
    IF              reduce using rule 13 (bun -> TYPE ID colon colon TYPE EQUALS STR SEMI .)
    WHILE           reduce using rule 13 (bun -> TYPE ID colon colon TYPE EQUALS STR SEMI .)
    PASS            reduce using rule 13 (bun -> TYPE ID colon colon TYPE EQUALS STR SEMI .)
    RESERV          reduce using rule 13 (bun -> TYPE ID colon colon TYPE EQUALS STR SEMI .)
    STR             reduce using rule 13 (bun -> TYPE ID colon colon TYPE EQUALS STR SEMI .)


state 155

    (14) bun -> TYPE ID colon colon TYPE EQUALS LISL STR . LISR SEMI

    LISR            shift and go to state 164


state 156

    (17) bun -> TYPE ID colon colon TYPE EQUALS LISL LISR . SEMI

    SEMI            shift and go to state 165


state 157

    (25) bun -> IF hikaku LBRACE bunlist RBRACE ELSE LBRACE bunlist . RBRACE
    (11) bunlist -> bunlist . bun
    (3) bun -> . INCLUDE STR SEMI
    (8) bun -> . ID KAKKO shiki KOKKA SEMI
    (12) bun -> . TYPE ID colon colon TYPE EQUALS NUMBER SEMI
    (13) bun -> . TYPE ID colon colon TYPE EQUALS STR SEMI
    (14) bun -> . TYPE ID colon colon TYPE EQUALS LISL STR LISR SEMI
    (15) bun -> . TYPE ID colon colon TYPE EQUALS ID LISL NUMBER LISR SEMI
    (16) bun -> . TYPE ID colon colon TYPE EQUALS ID LISL ID LISR SEMI
    (17) bun -> . TYPE ID colon colon TYPE EQUALS LISL LISR SEMI
    (18) bun -> . ID EQUALS ID OPTASU NUMBER SEMI
    (19) bun -> . ID EQUALS ID OPKAKERU NUMBER SEMI
    (20) bun -> . ID EQUALS ID OPMIN NUMBER SEMI
    (21) bun -> . ID EQUALS ID OPWARU NUMBER SEMI
    (22) bun -> . RETURN shiki SEMI
    (23) bun -> . RETURN bun
    (24) bun -> . IF hikaku LBRACE bunlist RBRACE
    (25) bun -> . IF hikaku LBRACE bunlist RBRACE ELSE LBRACE bunlist RBRACE
    (26) bun -> . WHILE shiki LBRACE bunlist RBRACE
    (34) bun -> . PASS
    (35) bun -> . PASS KAKKO KOKKA
    (36) bun -> . PASS KAKKO PASS KOKKA SEMI
    (43) bun -> . RESERV ID LISL NUMBER LISR EQUALS STR SEMI
    (44) bun -> . RESERV ID LISL ID LISR EQUALS STR SEMI
    (45) bun -> . RESERV ID LISL NUMBER LISR EQUALS ID SEMI
    (46) bun -> . RESERV ID LISL ID LISR EQUALS ID SEMI
    (47) bun -> . RESERV ID SEMI
    (48) bun -> . RESERV STR SEMI
    (49) bun -> . RESERV NUMBER SEMI
    (50) bun -> . TYPE TYPE LBRACE letlist RBRACE SEMI
    (55) bun -> . ID EQUALS ID OPTASU STR SEMI
    (56) bun -> . ID EQUALS STR OPTASU ID SEMI
    (57) bun -> . ID OPTASU OPTASU SEMI
    (58) bun -> . STR OPTASU OPTASU SEMI

    RBRACE          shift and go to state 166
    INCLUDE         shift and go to state 21
    ID              shift and go to state 18
    TYPE            shift and go to state 17
    RETURN          shift and go to state 23
    IF              shift and go to state 24
    WHILE           shift and go to state 25
    PASS            shift and go to state 26
    RESERV          shift and go to state 27
    STR             shift and go to state 22

    bun                            shift and go to state 34

state 158

    (46) bun -> RESERV ID LISL ID LISR EQUALS ID SEMI .

    RBRACE          reduce using rule 46 (bun -> RESERV ID LISL ID LISR EQUALS ID SEMI .)
    INCLUDE         reduce using rule 46 (bun -> RESERV ID LISL ID LISR EQUALS ID SEMI .)
    ID              reduce using rule 46 (bun -> RESERV ID LISL ID LISR EQUALS ID SEMI .)
    TYPE            reduce using rule 46 (bun -> RESERV ID LISL ID LISR EQUALS ID SEMI .)
    RETURN          reduce using rule 46 (bun -> RESERV ID LISL ID LISR EQUALS ID SEMI .)
    IF              reduce using rule 46 (bun -> RESERV ID LISL ID LISR EQUALS ID SEMI .)
    WHILE           reduce using rule 46 (bun -> RESERV ID LISL ID LISR EQUALS ID SEMI .)
    PASS            reduce using rule 46 (bun -> RESERV ID LISL ID LISR EQUALS ID SEMI .)
    RESERV          reduce using rule 46 (bun -> RESERV ID LISL ID LISR EQUALS ID SEMI .)
    STR             reduce using rule 46 (bun -> RESERV ID LISL ID LISR EQUALS ID SEMI .)


state 159

    (44) bun -> RESERV ID LISL ID LISR EQUALS STR SEMI .

    RBRACE          reduce using rule 44 (bun -> RESERV ID LISL ID LISR EQUALS STR SEMI .)
    INCLUDE         reduce using rule 44 (bun -> RESERV ID LISL ID LISR EQUALS STR SEMI .)
    ID              reduce using rule 44 (bun -> RESERV ID LISL ID LISR EQUALS STR SEMI .)
    TYPE            reduce using rule 44 (bun -> RESERV ID LISL ID LISR EQUALS STR SEMI .)
    RETURN          reduce using rule 44 (bun -> RESERV ID LISL ID LISR EQUALS STR SEMI .)
    IF              reduce using rule 44 (bun -> RESERV ID LISL ID LISR EQUALS STR SEMI .)
    WHILE           reduce using rule 44 (bun -> RESERV ID LISL ID LISR EQUALS STR SEMI .)
    PASS            reduce using rule 44 (bun -> RESERV ID LISL ID LISR EQUALS STR SEMI .)
    RESERV          reduce using rule 44 (bun -> RESERV ID LISL ID LISR EQUALS STR SEMI .)
    STR             reduce using rule 44 (bun -> RESERV ID LISL ID LISR EQUALS STR SEMI .)


state 160

    (45) bun -> RESERV ID LISL NUMBER LISR EQUALS ID SEMI .

    RBRACE          reduce using rule 45 (bun -> RESERV ID LISL NUMBER LISR EQUALS ID SEMI .)
    INCLUDE         reduce using rule 45 (bun -> RESERV ID LISL NUMBER LISR EQUALS ID SEMI .)
    ID              reduce using rule 45 (bun -> RESERV ID LISL NUMBER LISR EQUALS ID SEMI .)
    TYPE            reduce using rule 45 (bun -> RESERV ID LISL NUMBER LISR EQUALS ID SEMI .)
    RETURN          reduce using rule 45 (bun -> RESERV ID LISL NUMBER LISR EQUALS ID SEMI .)
    IF              reduce using rule 45 (bun -> RESERV ID LISL NUMBER LISR EQUALS ID SEMI .)
    WHILE           reduce using rule 45 (bun -> RESERV ID LISL NUMBER LISR EQUALS ID SEMI .)
    PASS            reduce using rule 45 (bun -> RESERV ID LISL NUMBER LISR EQUALS ID SEMI .)
    RESERV          reduce using rule 45 (bun -> RESERV ID LISL NUMBER LISR EQUALS ID SEMI .)
    STR             reduce using rule 45 (bun -> RESERV ID LISL NUMBER LISR EQUALS ID SEMI .)


state 161

    (43) bun -> RESERV ID LISL NUMBER LISR EQUALS STR SEMI .

    RBRACE          reduce using rule 43 (bun -> RESERV ID LISL NUMBER LISR EQUALS STR SEMI .)
    INCLUDE         reduce using rule 43 (bun -> RESERV ID LISL NUMBER LISR EQUALS STR SEMI .)
    ID              reduce using rule 43 (bun -> RESERV ID LISL NUMBER LISR EQUALS STR SEMI .)
    TYPE            reduce using rule 43 (bun -> RESERV ID LISL NUMBER LISR EQUALS STR SEMI .)
    RETURN          reduce using rule 43 (bun -> RESERV ID LISL NUMBER LISR EQUALS STR SEMI .)
    IF              reduce using rule 43 (bun -> RESERV ID LISL NUMBER LISR EQUALS STR SEMI .)
    WHILE           reduce using rule 43 (bun -> RESERV ID LISL NUMBER LISR EQUALS STR SEMI .)
    PASS            reduce using rule 43 (bun -> RESERV ID LISL NUMBER LISR EQUALS STR SEMI .)
    RESERV          reduce using rule 43 (bun -> RESERV ID LISL NUMBER LISR EQUALS STR SEMI .)
    STR             reduce using rule 43 (bun -> RESERV ID LISL NUMBER LISR EQUALS STR SEMI .)


state 162

    (16) bun -> TYPE ID colon colon TYPE EQUALS ID LISL ID . LISR SEMI

    LISR            shift and go to state 167


state 163

    (15) bun -> TYPE ID colon colon TYPE EQUALS ID LISL NUMBER . LISR SEMI

    LISR            shift and go to state 168


state 164

    (14) bun -> TYPE ID colon colon TYPE EQUALS LISL STR LISR . SEMI

    SEMI            shift and go to state 169


state 165

    (17) bun -> TYPE ID colon colon TYPE EQUALS LISL LISR SEMI .

    RBRACE          reduce using rule 17 (bun -> TYPE ID colon colon TYPE EQUALS LISL LISR SEMI .)
    INCLUDE         reduce using rule 17 (bun -> TYPE ID colon colon TYPE EQUALS LISL LISR SEMI .)
    ID              reduce using rule 17 (bun -> TYPE ID colon colon TYPE EQUALS LISL LISR SEMI .)
    TYPE            reduce using rule 17 (bun -> TYPE ID colon colon TYPE EQUALS LISL LISR SEMI .)
    RETURN          reduce using rule 17 (bun -> TYPE ID colon colon TYPE EQUALS LISL LISR SEMI .)
    IF              reduce using rule 17 (bun -> TYPE ID colon colon TYPE EQUALS LISL LISR SEMI .)
    WHILE           reduce using rule 17 (bun -> TYPE ID colon colon TYPE EQUALS LISL LISR SEMI .)
    PASS            reduce using rule 17 (bun -> TYPE ID colon colon TYPE EQUALS LISL LISR SEMI .)
    RESERV          reduce using rule 17 (bun -> TYPE ID colon colon TYPE EQUALS LISL LISR SEMI .)
    STR             reduce using rule 17 (bun -> TYPE ID colon colon TYPE EQUALS LISL LISR SEMI .)


state 166

    (25) bun -> IF hikaku LBRACE bunlist RBRACE ELSE LBRACE bunlist RBRACE .

    RBRACE          reduce using rule 25 (bun -> IF hikaku LBRACE bunlist RBRACE ELSE LBRACE bunlist RBRACE .)
    INCLUDE         reduce using rule 25 (bun -> IF hikaku LBRACE bunlist RBRACE ELSE LBRACE bunlist RBRACE .)
    ID              reduce using rule 25 (bun -> IF hikaku LBRACE bunlist RBRACE ELSE LBRACE bunlist RBRACE .)
    TYPE            reduce using rule 25 (bun -> IF hikaku LBRACE bunlist RBRACE ELSE LBRACE bunlist RBRACE .)
    RETURN          reduce using rule 25 (bun -> IF hikaku LBRACE bunlist RBRACE ELSE LBRACE bunlist RBRACE .)
    IF              reduce using rule 25 (bun -> IF hikaku LBRACE bunlist RBRACE ELSE LBRACE bunlist RBRACE .)
    WHILE           reduce using rule 25 (bun -> IF hikaku LBRACE bunlist RBRACE ELSE LBRACE bunlist RBRACE .)
    PASS            reduce using rule 25 (bun -> IF hikaku LBRACE bunlist RBRACE ELSE LBRACE bunlist RBRACE .)
    RESERV          reduce using rule 25 (bun -> IF hikaku LBRACE bunlist RBRACE ELSE LBRACE bunlist RBRACE .)
    STR             reduce using rule 25 (bun -> IF hikaku LBRACE bunlist RBRACE ELSE LBRACE bunlist RBRACE .)


state 167

    (16) bun -> TYPE ID colon colon TYPE EQUALS ID LISL ID LISR . SEMI

    SEMI            shift and go to state 170


state 168

    (15) bun -> TYPE ID colon colon TYPE EQUALS ID LISL NUMBER LISR . SEMI

    SEMI            shift and go to state 171


state 169

    (14) bun -> TYPE ID colon colon TYPE EQUALS LISL STR LISR SEMI .

    RBRACE          reduce using rule 14 (bun -> TYPE ID colon colon TYPE EQUALS LISL STR LISR SEMI .)
    INCLUDE         reduce using rule 14 (bun -> TYPE ID colon colon TYPE EQUALS LISL STR LISR SEMI .)
    ID              reduce using rule 14 (bun -> TYPE ID colon colon TYPE EQUALS LISL STR LISR SEMI .)
    TYPE            reduce using rule 14 (bun -> TYPE ID colon colon TYPE EQUALS LISL STR LISR SEMI .)
    RETURN          reduce using rule 14 (bun -> TYPE ID colon colon TYPE EQUALS LISL STR LISR SEMI .)
    IF              reduce using rule 14 (bun -> TYPE ID colon colon TYPE EQUALS LISL STR LISR SEMI .)
    WHILE           reduce using rule 14 (bun -> TYPE ID colon colon TYPE EQUALS LISL STR LISR SEMI .)
    PASS            reduce using rule 14 (bun -> TYPE ID colon colon TYPE EQUALS LISL STR LISR SEMI .)
    RESERV          reduce using rule 14 (bun -> TYPE ID colon colon TYPE EQUALS LISL STR LISR SEMI .)
    STR             reduce using rule 14 (bun -> TYPE ID colon colon TYPE EQUALS LISL STR LISR SEMI .)


state 170

    (16) bun -> TYPE ID colon colon TYPE EQUALS ID LISL ID LISR SEMI .

    RBRACE          reduce using rule 16 (bun -> TYPE ID colon colon TYPE EQUALS ID LISL ID LISR SEMI .)
    INCLUDE         reduce using rule 16 (bun -> TYPE ID colon colon TYPE EQUALS ID LISL ID LISR SEMI .)
    ID              reduce using rule 16 (bun -> TYPE ID colon colon TYPE EQUALS ID LISL ID LISR SEMI .)
    TYPE            reduce using rule 16 (bun -> TYPE ID colon colon TYPE EQUALS ID LISL ID LISR SEMI .)
    RETURN          reduce using rule 16 (bun -> TYPE ID colon colon TYPE EQUALS ID LISL ID LISR SEMI .)
    IF              reduce using rule 16 (bun -> TYPE ID colon colon TYPE EQUALS ID LISL ID LISR SEMI .)
    WHILE           reduce using rule 16 (bun -> TYPE ID colon colon TYPE EQUALS ID LISL ID LISR SEMI .)
    PASS            reduce using rule 16 (bun -> TYPE ID colon colon TYPE EQUALS ID LISL ID LISR SEMI .)
    RESERV          reduce using rule 16 (bun -> TYPE ID colon colon TYPE EQUALS ID LISL ID LISR SEMI .)
    STR             reduce using rule 16 (bun -> TYPE ID colon colon TYPE EQUALS ID LISL ID LISR SEMI .)


state 171

    (15) bun -> TYPE ID colon colon TYPE EQUALS ID LISL NUMBER LISR SEMI .

    RBRACE          reduce using rule 15 (bun -> TYPE ID colon colon TYPE EQUALS ID LISL NUMBER LISR SEMI .)
    INCLUDE         reduce using rule 15 (bun -> TYPE ID colon colon TYPE EQUALS ID LISL NUMBER LISR SEMI .)
    ID              reduce using rule 15 (bun -> TYPE ID colon colon TYPE EQUALS ID LISL NUMBER LISR SEMI .)
    TYPE            reduce using rule 15 (bun -> TYPE ID colon colon TYPE EQUALS ID LISL NUMBER LISR SEMI .)
    RETURN          reduce using rule 15 (bun -> TYPE ID colon colon TYPE EQUALS ID LISL NUMBER LISR SEMI .)
    IF              reduce using rule 15 (bun -> TYPE ID colon colon TYPE EQUALS ID LISL NUMBER LISR SEMI .)
    WHILE           reduce using rule 15 (bun -> TYPE ID colon colon TYPE EQUALS ID LISL NUMBER LISR SEMI .)
    PASS            reduce using rule 15 (bun -> TYPE ID colon colon TYPE EQUALS ID LISL NUMBER LISR SEMI .)
    RESERV          reduce using rule 15 (bun -> TYPE ID colon colon TYPE EQUALS ID LISL NUMBER LISR SEMI .)
    STR             reduce using rule 15 (bun -> TYPE ID colon colon TYPE EQUALS ID LISL NUMBER LISR SEMI .)

WARNING: 
WARNING: Conflicts:
WARNING: 
WARNING: shift/reduce conflict for OPTASU in state 40 resolved as shift
WARNING: shift/reduce conflict for OPTASU in state 41 resolved as shift
WARNING: shift/reduce conflict for OPTASU in state 92 resolved as shift
WARNING: shift/reduce conflict for OPKAKERU in state 92 resolved as shift
WARNING: shift/reduce conflict for OPMIN in state 92 resolved as shift
WARNING: shift/reduce conflict for OPWARU in state 92 resolved as shift
WARNING: shift/reduce conflict for OPTASU in state 93 resolved as shift
WARNING: shift/reduce conflict for OPKAKERU in state 93 resolved as shift
WARNING: shift/reduce conflict for OPMIN in state 93 resolved as shift
WARNING: shift/reduce conflict for OPWARU in state 93 resolved as shift
WARNING: shift/reduce conflict for SEMI in state 116 resolved as shift
